********************************************************************************
vcluster (CLUTO 2.1.2) Copyright 2001-06, Regents of the University of Minnesota

Matrix Information -----------------------------------------------------------
  Name: /home/mestrada/devel/inf355/tarea1/nips/nips08.mat, #Rows: 917, #Columns: 1192, #NonZeros: 1093064

Options ----------------------------------------------------------------------
  CLMethod=Direct, CRfun=E1, SimFun=Cosine, #Clusters: 5
  RowModel=None, ColModel=None, GrModel=SY-DIR, NNbrs=40
  Colprune=1.00, EdgePrune=-1.00, VtxPrune=-1.00, MinComponent=5
  CSType=Best, AggloFrom=0, AggloCRFun=E1, NTrials=10, NIter=10

Solution ---------------------------------------------------------------------

------------------------------------------------------------------------
5-way clustering: [E1=2.58e+05] [917 of 917]
------------------------------------------------------------------------
cid  Size  ISim  ISdev   ESim  ESdev  | 
------------------------------------------------------------------------
  0   276 +0.174 +0.030 +0.122 +0.028 | 
  1   226 +0.159 +0.031 +0.117 +0.027 | 
  2   143 +0.147 +0.029 +0.106 +0.033 | 
  3   199 +0.131 +0.029 +0.102 +0.030 | 
  4    73 +0.097 +0.040 +0.068 +0.035 | 
------------------------------------------------------------------------
--------------------------------------------------------------------------------
5-way clustering solution - Descriptive & Discriminating Features...
--------------------------------------------------------------------------------
Cluster   0, Size:   276, ISim: 0.174, ESim: 0.122
      Descriptive:  model  5.5%, algorithm  5.1%, learning  5.0%, models  4.8%, data  4.2% 
   Discriminating:  models  6.1%, networks  5.2%, network  4.9%, algorithm  4.2%, data  4.0%

Cluster   1, Size:   226, ISim: 0.159, ESim: 0.117
      Descriptive:  networks 12.0%, network  8.2%, learning  6.6%, function  3.7%, algorithm  3.1% 
   Discriminating:  networks  7.6%, models  7.6%, model  5.7%, recognition  4.8%, function  3.7%

Cluster   2, Size:   143, ISim: 0.147, ESim: 0.106
      Descriptive:  recognition 18.8%, network  5.4%, speech  4.1%, system  3.8%, image  3.6% 
   Discriminating:  recognition 30.7%, speech  7.1%, image  5.1%, model  2.6%, networks  2.5%

Cluster   3, Size:   199, ISim: 0.131, ESim: 0.102
      Descriptive:  model  8.8%, network  6.5%, system  5.2%, neurons  3.9%, networks  3.9% 
   Discriminating:  neurons  6.5%, learning  5.6%, algorithm  5.2%, model  4.0%, cells  3.2%

Cluster   4, Size:    73, ISim: 0.097, ESim: 0.068
      Descriptive:  learning 26.0%, control 10.6%, reinforcement  5.7%, networks  4.6%, VLSI  2.9% 
   Discriminating:  learning 10.8%, control  8.6%, reinforcement  5.3%, model  4.5%, network  3.3%
--------------------------------------------------------------------------------

Timing Information -----------------------------------------------------------
   I/O:                                   0.136 sec
   Clustering:                            3.228 sec
   Reporting:                             0.068 sec
Memory Usage Information -----------------------------------------------------
   Maximum memory used:                17731584 bytes
   Current memory used:                 8871280 bytes
********************************************************************************
