********************************************************************************
vcluster (CLUTO 2.1.2) Copyright 2001-06, Regents of the University of Minnesota

Matrix Information -----------------------------------------------------------
  Name: /home/mestrada/devel/inf355/tarea1/nips/nips04.mat, #Rows: 916, #Columns: 942, #NonZeros: 862872

Options ----------------------------------------------------------------------
  CLMethod=Direct, CRfun=E1, SimFun=Cosine, #Clusters: 3
  RowModel=None, ColModel=None, GrModel=SY-DIR, NNbrs=40
  Colprune=1.00, EdgePrune=-1.00, VtxPrune=-1.00, MinComponent=5
  CSType=Best, AggloFrom=0, AggloCRFun=E1, NTrials=10, NIter=10

Solution ---------------------------------------------------------------------

------------------------------------------------------------------------
3-way clustering: [E1=2.76e+05] [916 of 916]
------------------------------------------------------------------------
cid  Size  ISim  ISdev   ESim  ESdev  | 
------------------------------------------------------------------------
  0   458 +0.159 +0.037 +0.114 +0.033 | 
  1   211 +0.151 +0.034 +0.116 +0.038 | 
  2   247 +0.118 +0.035 +0.104 +0.038 | 
------------------------------------------------------------------------
--------------------------------------------------------------------------------
3-way clustering solution - Descriptive & Discriminating Features...
--------------------------------------------------------------------------------
Cluster   0, Size:   458, ISim: 0.159, ESim: 0.114
      Descriptive:  learning  9.1%, networks  5.9%, algorithm  4.9%, network  4.5%, paper  3.2% 
   Discriminating:  recognition  8.9%, system  6.3%, learning  6.0%, algorithm  4.6%, processing  4.6%

Cluster   1, Size:   211, ISim: 0.151, ESim: 0.116
      Descriptive:  recognition 14.2%, network  6.2%, system  3.9%, learning  2.9%, speech  2.7% 
   Discriminating:  recognition 31.5%, speech  6.0%, image  4.3%, networks  3.4%, learning  2.6%

Cluster   2, Size:   247, ISim: 0.118, ESim: 0.104
      Descriptive:  networks  7.8%, model  7.6%, network  7.3%, system  4.2%, processing  3.8% 
   Discriminating:  algorithm  6.1%, learning  4.7%, processing  4.4%, neurons  4.0%, recognition  3.4%
--------------------------------------------------------------------------------

Timing Information -----------------------------------------------------------
   I/O:                                   0.100 sec
   Clustering:                            1.368 sec
   Reporting:                             0.056 sec
Memory Usage Information -----------------------------------------------------
   Maximum memory used:                13987840 bytes
   Current memory used:                 7017696 bytes
********************************************************************************
