********************************************************************************
vcluster (CLUTO 2.1.2) Copyright 2001-06, Regents of the University of Minnesota

Matrix Information -----------------------------------------------------------
  Name: /home/mestrada/devel/inf355/tarea1/nips/nips12.mat, #Rows: 916, #Columns: 1161, #NonZeros: 1063476

Options ----------------------------------------------------------------------
  CLMethod=Direct, CRfun=E1, SimFun=Cosine, #Clusters: 2
  RowModel=None, ColModel=None, GrModel=SY-DIR, NNbrs=40
  Colprune=1.00, EdgePrune=-1.00, VtxPrune=-1.00, MinComponent=5
  CSType=Best, AggloFrom=0, AggloCRFun=E1, NTrials=10, NIter=10

Solution ---------------------------------------------------------------------

------------------------------------------------------------------------
2-way clustering: [E1=2.79e+05] [916 of 916]
------------------------------------------------------------------------
cid  Size  ISim  ISdev   ESim  ESdev  | 
------------------------------------------------------------------------
  0   551 +0.147 +0.034 +0.105 +0.031 | 
  1   365 +0.115 +0.034 +0.105 +0.038 | 
------------------------------------------------------------------------
--------------------------------------------------------------------------------
2-way clustering solution - Descriptive & Discriminating Features...
--------------------------------------------------------------------------------
Cluster   0, Size:   551, ISim: 0.147, ESim: 0.105
      Descriptive:  learning  8.6%, networks  6.0%, network  4.8%, algorithm  4.7%, paper  3.3% 
   Discriminating:  processing  6.5%, system  6.1%, algorithm  5.7%, learning  5.5%, recognition  2.8%

Cluster   1, Size:   365, ISim: 0.115, ESim: 0.105
      Descriptive:  network  8.2%, model  6.1%, system  5.6%, networks  5.5%, processing  3.9% 
   Discriminating:  processing  6.5%, system  6.1%, algorithm  5.7%, learning  5.5%, recognition  2.8%
--------------------------------------------------------------------------------

Timing Information -----------------------------------------------------------
   I/O:                                   0.124 sec
   Clustering:                            0.952 sec
   Reporting:                             0.064 sec
Memory Usage Information -----------------------------------------------------
   Maximum memory used:                17227776 bytes
   Current memory used:                 8632016 bytes
********************************************************************************
