********************************************************************************
vcluster (CLUTO 2.1.2) Copyright 2001-06, Regents of the University of Minnesota

Matrix Information -----------------------------------------------------------
  Name: /home/mestrada/devel/inf355/tarea1/nips/nips11.mat, #Rows: 915, #Columns: 1010, #NonZeros: 924150

Options ----------------------------------------------------------------------
  CLMethod=Direct, CRfun=E1, SimFun=Cosine, #Clusters: 3
  RowModel=None, ColModel=None, GrModel=SY-DIR, NNbrs=40
  Colprune=1.00, EdgePrune=-1.00, VtxPrune=-1.00, MinComponent=5
  CSType=Best, AggloFrom=0, AggloCRFun=E1, NTrials=10, NIter=10

Solution ---------------------------------------------------------------------

------------------------------------------------------------------------
3-way clustering: [E1=2.73e+05] [915 of 915]
------------------------------------------------------------------------
cid  Size  ISim  ISdev   ESim  ESdev  | 
------------------------------------------------------------------------
  0   478 +0.155 +0.035 +0.110 +0.032 | 
  1   201 +0.143 +0.032 +0.110 +0.036 | 
  2   236 +0.122 +0.035 +0.105 +0.037 | 
------------------------------------------------------------------------
--------------------------------------------------------------------------------
3-way clustering solution - Descriptive & Discriminating Features...
--------------------------------------------------------------------------------
Cluster   0, Size:   478, ISim: 0.155, ESim: 0.110
      Descriptive:  learning  8.8%, networks  5.6%, algorithm  4.7%, network  4.3%, paper  3.1% 
   Discriminating:  recognition  6.0%, system  5.3%, learning  5.2%, processing  4.5%, algorithm  4.4%

Cluster   1, Size:   201, ISim: 0.143, ESim: 0.110
      Descriptive:  recognition 13.6%, network  5.2%, system  4.2%, image  4.2%, networks  3.3% 
   Discriminating:  recognition 23.9%, image  8.2%, speech  5.0%, Image  4.9%, VLSI  3.2%

Cluster   2, Size:   236, ISim: 0.122, ESim: 0.105
      Descriptive:  network  9.7%, model  8.1%, networks  7.4%, system  3.9%, processing  3.2% 
   Discriminating:  algorithm  6.0%, learning  4.6%, neurons  4.3%, recognition  3.7%, model  3.4%
--------------------------------------------------------------------------------

Timing Information -----------------------------------------------------------
   I/O:                                   0.120 sec
   Clustering:                            1.388 sec
   Reporting:                             0.056 sec
Memory Usage Information -----------------------------------------------------
   Maximum memory used:                14970880 bytes
   Current memory used:                 7511560 bytes
********************************************************************************
