********************************************************************************
vcluster (CLUTO 2.1.2) Copyright 2001-06, Regents of the University of Minnesota

Matrix Information -----------------------------------------------------------
  Name: /home/mestrada/devel/inf355/tarea1/nips/nips07.mat, #Rows: 914, #Columns: 942, #NonZeros: 860988

Options ----------------------------------------------------------------------
  CLMethod=Direct, CRfun=E1, SimFun=Cosine, #Clusters: 2
  RowModel=None, ColModel=None, GrModel=SY-DIR, NNbrs=40
  Colprune=1.00, EdgePrune=-1.00, VtxPrune=-1.00, MinComponent=5
  CSType=Best, AggloFrom=0, AggloCRFun=E1, NTrials=10, NIter=10

Solution ---------------------------------------------------------------------

------------------------------------------------------------------------
2-way clustering: [E1=2.82e+05] [914 of 914]
------------------------------------------------------------------------
cid  Size  ISim  ISdev   ESim  ESdev  | 
------------------------------------------------------------------------
  0   551 +0.154 +0.035 +0.108 +0.031 | 
  1   363 +0.115 +0.034 +0.108 +0.039 | 
------------------------------------------------------------------------
--------------------------------------------------------------------------------
2-way clustering solution - Descriptive & Discriminating Features...
--------------------------------------------------------------------------------
Cluster   0, Size:   551, ISim: 0.154, ESim: 0.108
      Descriptive:  learning  8.4%, networks  5.9%, network  4.8%, algorithm  4.8%, paper  3.2% 
   Discriminating:  algorithm  6.3%, processing  6.1%, system  6.0%, learning  5.3%, recognition  3.0%

Cluster   1, Size:   363, ISim: 0.115, ESim: 0.108
      Descriptive:  network  8.0%, model  5.9%, system  5.5%, networks  5.5%, recognition  3.9% 
   Discriminating:  algorithm  6.3%, processing  6.1%, system  6.0%, learning  5.3%, recognition  3.0%
--------------------------------------------------------------------------------

Timing Information -----------------------------------------------------------
   I/O:                                   0.104 sec
   Clustering:                            0.728 sec
   Reporting:                             0.052 sec
Memory Usage Information -----------------------------------------------------
   Maximum memory used:                13950976 bytes
   Current memory used:                 7001136 bytes
********************************************************************************
