********************************************************************************
vcluster (CLUTO 2.1.2) Copyright 2001-06, Regents of the University of Minnesota

Matrix Information -----------------------------------------------------------
  Name: /home/mestrada/devel/inf355/tarea1/nips/nips05.mat, #Rows: 914, #Columns: 918, #NonZeros: 839052

Options ----------------------------------------------------------------------
  CLMethod=Direct, CRfun=E1, SimFun=Cosine, #Clusters: 3
  RowModel=None, ColModel=None, GrModel=SY-DIR, NNbrs=40
  Colprune=1.00, EdgePrune=-1.00, VtxPrune=-1.00, MinComponent=5
  CSType=Best, AggloFrom=0, AggloCRFun=E1, NTrials=10, NIter=10

Solution ---------------------------------------------------------------------

------------------------------------------------------------------------
3-way clustering: [E1=2.77e+05] [914 of 914]
------------------------------------------------------------------------
cid  Size  ISim  ISdev   ESim  ESdev  | 
------------------------------------------------------------------------
  0   481 +0.164 +0.033 +0.114 +0.028 | 
  1   334 +0.141 +0.031 +0.116 +0.033 | 
  2    99 +0.089 +0.035 +0.072 +0.031 | 
------------------------------------------------------------------------
--------------------------------------------------------------------------------
3-way clustering solution - Descriptive & Discriminating Features...
--------------------------------------------------------------------------------
Cluster   0, Size:   481, ISim: 0.164, ESim: 0.114
      Descriptive:  learning  7.3%, networks  5.7%, algorithm  5.5%, network  4.4%, paper  3.5% 
   Discriminating:  algorithm  8.1%, system  6.2%, processing  5.6%, neurons  2.8%, recognition  2.6%

Cluster   1, Size:   334, ISim: 0.141, ESim: 0.116
      Descriptive:  network  9.0%, model  6.6%, system  6.0%, networks  4.8%, processing  2.7% 
   Discriminating:  learning 10.5%, system  8.7%, algorithm  5.7%, neurons  4.1%, processing  3.4%

Cluster   2, Size:    99, ISim: 0.089, ESim: 0.072
      Descriptive:  learning 21.3%, networks  8.9%, recognition  6.5%, control  5.6%, image  4.7% 
   Discriminating:  learning  7.7%, model  4.1%, image  3.7%, control  3.7%, algorithm  3.4%
--------------------------------------------------------------------------------

Timing Information -----------------------------------------------------------
   I/O:                                   0.104 sec
   Clustering:                            1.364 sec
   Reporting:                             0.048 sec
Memory Usage Information -----------------------------------------------------
   Maximum memory used:                13606912 bytes
   Current memory used:                 6828144 bytes
********************************************************************************
