********************************************************************************
vcluster (CLUTO 2.1.2) Copyright 2001-06, Regents of the University of Minnesota

Matrix Information -----------------------------------------------------------
  Name: /home/mestrada/devel/inf355/tarea1/nips/nips01.mat, #Rows: 913, #Columns: 591, #NonZeros: 539583

Options ----------------------------------------------------------------------
  CLMethod=Direct, CRfun=E1, SimFun=Cosine, #Clusters: 5
  RowModel=None, ColModel=None, GrModel=SY-DIR, NNbrs=40
  Colprune=1.00, EdgePrune=-1.00, VtxPrune=-1.00, MinComponent=5
  CSType=Best, AggloFrom=0, AggloCRFun=E1, NTrials=10, NIter=10

Solution ---------------------------------------------------------------------

------------------------------------------------------------------------
5-way clustering: [E1=2.83e+05] [913 of 913]
------------------------------------------------------------------------
cid  Size  ISim  ISdev   ESim  ESdev  | 
------------------------------------------------------------------------
  0   205 +0.202 +0.024 +0.138 +0.030 | 
  1   341 +0.210 +0.040 +0.146 +0.036 | 
  2   122 +0.182 +0.047 +0.126 +0.043 | 
  3   161 +0.161 +0.040 +0.125 +0.041 | 
  4    84 +0.106 +0.039 +0.087 +0.042 | 
------------------------------------------------------------------------
--------------------------------------------------------------------------------
5-way clustering solution - Descriptive & Discriminating Features...
--------------------------------------------------------------------------------
Cluster   0, Size:   205, ISim: 0.202, ESim: 0.138
      Descriptive:  learning 24.2%, Learning 22.0%, networks  4.2%, network  3.2%, model  2.9% 
   Discriminating:  Learning 30.2%, learning 28.2%, network  1.9%, system  1.9%, recognition  1.8%

Cluster   1, Size:   341, ISim: 0.210, ESim: 0.146
      Descriptive:  network  6.8%, networks  6.4%, paper  4.0%, algorithm  3.9%, results  3.6% 
   Discriminating:  Learning  8.1%, learning  6.8%, processing  3.4%, training  3.1%, performance  3.0%

Cluster   2, Size:   122, ISim: 0.182, ESim: 0.126
      Descriptive:  networks  8.1%, analog  7.6%, network  6.5%, VLSI  6.1%, Analog  5.1% 
   Discriminating:  analog 13.6%, VLSI 11.8%, Analog  9.8%, neural  5.6%, Neural  5.6%

Cluster   3, Size:   161, ISim: 0.161, ESim: 0.125
      Descriptive:  model  9.9%, network  5.5%, networks  4.3%, system  3.9%, processing  3.7% 
   Discriminating:  Learning  7.6%, learning  7.3%, cortex  5.6%, neurons  4.6%, model  4.4%

Cluster   4, Size:    84, ISim: 0.106, ESim: 0.087
      Descriptive:  recognition 19.1%, models 15.6%, Speech  3.5%, Image  3.4%, model  3.2% 
   Discriminating:  recognition 16.3%, models 10.4%, networks  6.5%, learning  6.5%, Learning  5.5%
--------------------------------------------------------------------------------

Timing Information -----------------------------------------------------------
   I/O:                                   0.060 sec
   Clustering:                            1.632 sec
   Reporting:                             0.032 sec
Memory Usage Information -----------------------------------------------------
   Maximum memory used:                 8802304 bytes
   Current memory used:                 4414576 bytes
********************************************************************************
