********************************************************************************
vcluster (CLUTO 2.1.2) Copyright 2001-06, Regents of the University of Minnesota

Matrix Information -----------------------------------------------------------
  Name: /home/mestrada/devel/inf355/tarea1/nips/nips12.mat, #Rows: 916, #Columns: 1161, #NonZeros: 1063476

Options ----------------------------------------------------------------------
  CLMethod=Direct, CRfun=E1, SimFun=Cosine, #Clusters: 4
  RowModel=None, ColModel=None, GrModel=SY-DIR, NNbrs=40
  Colprune=1.00, EdgePrune=-1.00, VtxPrune=-1.00, MinComponent=5
  CSType=Best, AggloFrom=0, AggloCRFun=E1, NTrials=10, NIter=10

Solution ---------------------------------------------------------------------

------------------------------------------------------------------------
4-way clustering: [E1=2.65e+05] [916 of 916]
------------------------------------------------------------------------
cid  Size  ISim  ISdev   ESim  ESdev  | 
------------------------------------------------------------------------
  0   436 +0.164 +0.031 +0.113 +0.026 | 
  1   166 +0.153 +0.033 +0.112 +0.035 | 
  2    91 +0.103 +0.045 +0.077 +0.036 | 
  3   223 +0.131 +0.030 +0.105 +0.031 | 
------------------------------------------------------------------------
--------------------------------------------------------------------------------
4-way clustering solution - Descriptive & Discriminating Features...
--------------------------------------------------------------------------------
Cluster   0, Size:   436, ISim: 0.164, ESim: 0.113
      Descriptive:  learning  6.6%, networks  5.9%, network  5.1%, algorithm  4.7%, model  3.1% 
   Discriminating:  recognition  8.3%, system  6.3%, algorithm  4.6%, processing  4.5%, image  2.8%

Cluster   1, Size:   166, ISim: 0.153, ESim: 0.112
      Descriptive:  recognition 18.6%, network  5.9%, system  4.0%, speech  4.0%, image  3.2% 
   Discriminating:  recognition 35.7%, speech  8.2%, image  4.9%, learning  3.1%, networks  2.7%

Cluster   2, Size:    91, ISim: 0.103, ESim: 0.077
      Descriptive:  learning 29.9%, control  9.5%, networks  7.7%, reinforcement  4.7%, VLSI  2.7% 
   Discriminating:  learning 16.1%, control  8.4%, reinforcement  4.8%, model  3.9%, network  2.9%

Cluster   3, Size:   223, ISim: 0.131, ESim: 0.105
      Descriptive:  model  8.8%, network  7.8%, networks  5.5%, system  4.7%, processing  3.9% 
   Discriminating:  learning  7.5%, neurons  6.4%, algorithm  4.9%, model  4.2%, processing  4.1%
--------------------------------------------------------------------------------

Timing Information -----------------------------------------------------------
   I/O:                                   0.136 sec
   Clustering:                            2.472 sec
   Reporting:                             0.064 sec
Memory Usage Information -----------------------------------------------------
   Maximum memory used:                17244160 bytes
   Current memory used:                 8632176 bytes
********************************************************************************
