********************************************************************************
vcluster (CLUTO 2.1.2) Copyright 2001-06, Regents of the University of Minnesota

Matrix Information -----------------------------------------------------------
  Name: /home/mestrada/devel/inf355/tarea1/nips/nips03.mat, #Rows: 913, #Columns: 911, #NonZeros: 831743

Options ----------------------------------------------------------------------
  CLMethod=Direct, CRfun=E1, SimFun=Cosine, #Clusters: 4
  RowModel=None, ColModel=None, GrModel=SY-DIR, NNbrs=40
  Colprune=1.00, EdgePrune=-1.00, VtxPrune=-1.00, MinComponent=5
  CSType=Best, AggloFrom=0, AggloCRFun=E1, NTrials=10, NIter=10

Solution ---------------------------------------------------------------------

------------------------------------------------------------------------
4-way clustering: [E1=2.69e+05] [913 of 913]
------------------------------------------------------------------------
cid  Size  ISim  ISdev   ESim  ESdev  | 
------------------------------------------------------------------------
  0   202 +0.174 +0.033 +0.119 +0.030 | 
  1   370 +0.178 +0.036 +0.126 +0.032 | 
  2   152 +0.140 +0.035 +0.106 +0.039 | 
  3   189 +0.113 +0.034 +0.098 +0.037 | 
------------------------------------------------------------------------
--------------------------------------------------------------------------------
4-way clustering solution - Descriptive & Discriminating Features...
--------------------------------------------------------------------------------
Cluster   0, Size:   202, ISim: 0.174, ESim: 0.119
      Descriptive:  learning 19.8%, Learning 18.8%, networks  3.6%, algorithm  3.1%, network  3.0% 
   Discriminating:  Learning 23.8%, learning 20.0%, Reinforcement  4.5%, reinforcement  4.5%, recognition  2.4%

Cluster   1, Size:   370, ISim: 0.178, ESim: 0.126
      Descriptive:  networks  5.9%, network  5.8%, algorithm  3.9%, learning  3.6%, model  3.4% 
   Discriminating:  Learning  4.9%, system  4.3%, learning  3.5%, recognition  3.3%, method  2.6%

Cluster   2, Size:   152, ISim: 0.140, ESim: 0.106
      Descriptive:  recognition 15.2%, network  4.2%, image  4.2%, speech  3.7%, system  3.2% 
   Discriminating:  recognition 21.9%, image  6.3%, speech  6.0%, Image  4.2%, learning  4.2%

Cluster   3, Size:   189, ISim: 0.113, ESim: 0.098
      Descriptive:  model  8.1%, networks  7.0%, network  6.2%, system  5.3%, processing  3.7% 
   Discriminating:  learning  8.5%, Learning  8.5%, algorithm  4.7%, neurons  4.5%, processing  3.1%
--------------------------------------------------------------------------------

Timing Information -----------------------------------------------------------
   I/O:                                   0.104 sec
   Clustering:                            1.892 sec
   Reporting:                             0.052 sec
Memory Usage Information -----------------------------------------------------
   Maximum memory used:                13496320 bytes
   Current memory used:                 6770488 bytes
********************************************************************************
