********************************************************************************
vcluster (CLUTO 2.1.2) Copyright 2001-06, Regents of the University of Minnesota

Matrix Information -----------------------------------------------------------
  Name: /home/mestrada/devel/inf355/tarea1/nips/nips09.mat, #Rows: 915, #Columns: 1161, #NonZeros: 1062315

Options ----------------------------------------------------------------------
  CLMethod=Direct, CRfun=E1, SimFun=Cosine, #Clusters: 4
  RowModel=None, ColModel=None, GrModel=SY-DIR, NNbrs=40
  Colprune=1.00, EdgePrune=-1.00, VtxPrune=-1.00, MinComponent=5
  CSType=Best, AggloFrom=0, AggloCRFun=E1, NTrials=10, NIter=10

Solution ---------------------------------------------------------------------

------------------------------------------------------------------------
4-way clustering: [E1=2.64e+05] [915 of 915]
------------------------------------------------------------------------
cid  Size  ISim  ISdev   ESim  ESdev  | 
------------------------------------------------------------------------
  0   434 +0.162 +0.030 +0.112 +0.026 | 
  1   156 +0.155 +0.030 +0.110 +0.034 | 
  2   232 +0.130 +0.030 +0.105 +0.031 | 
  3    93 +0.102 +0.041 +0.078 +0.036 | 
------------------------------------------------------------------------
--------------------------------------------------------------------------------
4-way clustering solution - Descriptive & Discriminating Features...
--------------------------------------------------------------------------------
Cluster   0, Size:   434, ISim: 0.162, ESim: 0.112
      Descriptive:  learning  6.3%, networks  5.7%, network  4.8%, algorithm  4.5%, model  3.3% 
   Discriminating:  recognition  8.5%, system  6.0%, algorithm  4.1%, processing  3.8%, speech  2.5%

Cluster   1, Size:   156, ISim: 0.155, ESim: 0.110
      Descriptive:  recognition 20.3%, network  6.1%, speech  4.6%, system  3.4%, performance  2.8% 
   Discriminating:  recognition 37.7%, speech  9.1%, learning  2.3%, networks  2.2%, function  1.8%

Cluster   2, Size:   232, ISim: 0.130, ESim: 0.105
      Descriptive:  model  8.0%, network  7.3%, networks  5.1%, system  4.8%, processing  4.4% 
   Discriminating:  neurons  6.0%, learning  6.0%, processing  5.6%, algorithm  4.9%, model  3.3%

Cluster   3, Size:    93, ISim: 0.102, ESim: 0.078
      Descriptive:  learning 24.3%, control  9.0%, networks  8.4%, reinforcement  4.6%, VLSI  2.4% 
   Discriminating:  learning 11.8%, control  8.5%, reinforcement  5.0%, model  4.7%, recognition  3.0%
--------------------------------------------------------------------------------

Timing Information -----------------------------------------------------------
   I/O:                                   0.128 sec
   Clustering:                            2.472 sec
   Reporting:                             0.064 sec
Memory Usage Information -----------------------------------------------------
   Maximum memory used:                17227776 bytes
   Current memory used:                 8623992 bytes
********************************************************************************
