********************************************************************************
vcluster (CLUTO 2.1.2) Copyright 2001-06, Regents of the University of Minnesota

Matrix Information -----------------------------------------------------------
  Name: /home/mestrada/devel/inf355/tarea1/nips/nips02.mat, #Rows: 914, #Columns: 681, #NonZeros: 622434

Options ----------------------------------------------------------------------
  CLMethod=Direct, CRfun=E1, SimFun=Cosine, #Clusters: 2
  RowModel=None, ColModel=None, GrModel=SY-DIR, NNbrs=40
  Colprune=1.00, EdgePrune=-1.00, VtxPrune=-1.00, MinComponent=5
  CSType=Best, AggloFrom=0, AggloCRFun=E1, NTrials=10, NIter=10

Solution ---------------------------------------------------------------------

------------------------------------------------------------------------
2-way clustering: [E1=2.97e+05] [914 of 914]
------------------------------------------------------------------------
cid  Size  ISim  ISdev   ESim  ESdev  | 
------------------------------------------------------------------------
  0   551 +0.176 +0.039 +0.118 +0.035 | 
  1   363 +0.122 +0.037 +0.118 +0.043 | 
------------------------------------------------------------------------
--------------------------------------------------------------------------------
2-way clustering solution - Descriptive & Discriminating Features...
--------------------------------------------------------------------------------
Cluster   0, Size:   551, ISim: 0.176, ESim: 0.118
      Descriptive:  learning 10.4%, Learning  8.3%, networks  5.0%, network  4.4%, algorithm  4.4% 
   Discriminating:  learning 18.0%, Learning 16.7%, system  4.9%, algorithm  4.3%, processing  3.2%

Cluster   1, Size:   363, ISim: 0.122, ESim: 0.118
      Descriptive:  network  8.0%, networks  6.3%, model  5.2%, system  5.1%, recognition  3.1% 
   Discriminating:  learning 18.0%, Learning 16.7%, system  4.9%, algorithm  4.3%, processing  3.2%
--------------------------------------------------------------------------------

Timing Information -----------------------------------------------------------
   I/O:                                   0.084 sec
   Clustering:                            0.560 sec
   Reporting:                             0.040 sec
Memory Usage Information -----------------------------------------------------
   Maximum memory used:                10121216 bytes
   Current memory used:                 5081648 bytes
********************************************************************************
