********************************************************************************
vcluster (CLUTO 2.1.2) Copyright 2001-06, Regents of the University of Minnesota

Matrix Information -----------------------------------------------------------
  Name: /home/mestrada/devel/inf355/tarea1/nips/nips07.mat, #Rows: 914, #Columns: 942, #NonZeros: 860988

Options ----------------------------------------------------------------------
  CLMethod=Direct, CRfun=E1, SimFun=Cosine, #Clusters: 5
  RowModel=None, ColModel=None, GrModel=SY-DIR, NNbrs=40
  Colprune=1.00, EdgePrune=-1.00, VtxPrune=-1.00, MinComponent=5
  CSType=Best, AggloFrom=0, AggloCRFun=E1, NTrials=10, NIter=10

Solution ---------------------------------------------------------------------

------------------------------------------------------------------------
5-way clustering: [E1=2.63e+05] [914 of 914]
------------------------------------------------------------------------
cid  Size  ISim  ISdev   ESim  ESdev  | 
------------------------------------------------------------------------
  0   277 +0.179 +0.034 +0.126 +0.031 | 
  1   144 +0.164 +0.030 +0.116 +0.035 | 
  2   212 +0.167 +0.031 +0.124 +0.028 | 
  3   206 +0.140 +0.031 +0.109 +0.033 | 
  4    75 +0.095 +0.035 +0.068 +0.030 | 
------------------------------------------------------------------------
--------------------------------------------------------------------------------
5-way clustering solution - Descriptive & Discriminating Features...
--------------------------------------------------------------------------------
Cluster   0, Size:   277, ISim: 0.179, ESim: 0.126
      Descriptive:  learning  6.0%, algorithm  5.8%, model  4.9%, data  4.5%, models  4.0% 
   Discriminating:  network  6.4%, networks  6.0%, algorithm  5.7%, data  4.5%, system  4.4%

Cluster   1, Size:   144, ISim: 0.164, ESim: 0.116
      Descriptive:  recognition 17.9%, network  6.4%, speech  5.5%, system  4.8%, performance  3.8% 
   Discriminating:  recognition 31.1%, speech 11.5%, learning  4.1%, networks  2.5%, system  2.2%

Cluster   2, Size:   212, ISim: 0.167, ESim: 0.124
      Descriptive:  networks 11.7%, network  8.5%, learning  7.4%, function  3.6%, functions  3.1% 
   Discriminating:  models  7.4%, networks  6.3%, recognition  5.2%, model  4.8%, training  4.5%

Cluster   3, Size:   206, ISim: 0.140, ESim: 0.109
      Descriptive:  model  8.8%, network  6.9%, system  5.3%, networks  3.8%, processing  3.6% 
   Discriminating:  neurons  5.7%, algorithm  5.1%, learning  4.8%, model  4.0%, cells  3.5%

Cluster   4, Size:    75, ISim: 0.095, ESim: 0.068
      Descriptive:  learning 19.5%, networks 10.9%, control  8.7%, VLSI  4.1%, neural  3.9% 
   Discriminating:  control  6.3%, learning  5.8%, model  5.4%, VLSI  3.6%, data  3.1%
--------------------------------------------------------------------------------

Timing Information -----------------------------------------------------------
   I/O:                                   0.100 sec
   Clustering:                            2.544 sec
   Reporting:                             0.052 sec
Memory Usage Information -----------------------------------------------------
   Maximum memory used:                13963264 bytes
   Current memory used:                 7001384 bytes
********************************************************************************
