********************************************************************************
vcluster (CLUTO 2.1.2) Copyright 2001-06, Regents of the University of Minnesota

Matrix Information -----------------------------------------------------------
  Name: /home/mestrada/devel/inf355/tarea1/nips/nips10.mat, #Rows: 917, #Columns: 918, #NonZeros: 841806

Options ----------------------------------------------------------------------
  CLMethod=Direct, CRfun=E1, SimFun=Cosine, #Clusters: 5
  RowModel=None, ColModel=None, GrModel=SY-DIR, NNbrs=40
  Colprune=1.00, EdgePrune=-1.00, VtxPrune=-1.00, MinComponent=5
  CSType=Best, AggloFrom=0, AggloCRFun=E1, NTrials=10, NIter=10

Solution ---------------------------------------------------------------------

------------------------------------------------------------------------
5-way clustering: [E1=2.65e+05] [917 of 917]
------------------------------------------------------------------------
cid  Size  ISim  ISdev   ESim  ESdev  | 
------------------------------------------------------------------------
  0   251 +0.176 +0.033 +0.127 +0.032 | 
  1   242 +0.170 +0.033 +0.123 +0.029 | 
  2   151 +0.168 +0.030 +0.123 +0.030 | 
  3   198 +0.144 +0.030 +0.110 +0.032 | 
  4    75 +0.079 +0.035 +0.059 +0.029 | 
------------------------------------------------------------------------
--------------------------------------------------------------------------------
5-way clustering solution - Descriptive & Discriminating Features...
--------------------------------------------------------------------------------
Cluster   0, Size:   251, ISim: 0.176, ESim: 0.127
      Descriptive:  model  6.1%, algorithm  5.5%, models  5.2%, data  4.8%, learning  4.7% 
   Discriminating:  network  6.1%, models  6.1%, data  5.0%, networks  4.8%, algorithm  4.1%

Cluster   1, Size:   242, ISim: 0.170, ESim: 0.123
      Descriptive:  networks 11.4%, learning  9.4%, network  6.3%, function  4.4%, functions  3.4% 
   Discriminating:  models  6.3%, recognition  6.2%, networks  6.1%, model  6.0%, function  5.4%

Cluster   2, Size:   151, ISim: 0.168, ESim: 0.123
      Descriptive:  recognition 10.0%, network 10.0%, system  5.9%, performance  4.8%, results  3.2% 
   Discriminating:  recognition 16.3%, learning  6.1%, system  5.0%, classification  4.8%, model  4.7%

Cluster   3, Size:   198, ISim: 0.144, ESim: 0.110
      Descriptive:  model  9.5%, network  6.6%, system  4.8%, processing  4.5%, networks  4.3% 
   Discriminating:  neurons  5.6%, processing  5.2%, algorithm  5.0%, model  5.0%, learning  4.0%

Cluster   4, Size:    75, ISim: 0.079, ESim: 0.059
      Descriptive:  learning 18.3%, recognition  9.5%, image  6.8%, control  4.8%, VLSI  4.1% 
   Discriminating:  image  4.9%, learning  4.5%, recognition  4.1%, network  3.6%, model  3.3%
--------------------------------------------------------------------------------

Timing Information -----------------------------------------------------------
   I/O:                                   0.100 sec
   Clustering:                            2.520 sec
   Reporting:                             0.052 sec
Memory Usage Information -----------------------------------------------------
   Maximum memory used:                13664256 bytes
   Current memory used:                 6853088 bytes
********************************************************************************
