********************************************************************************
vcluster (CLUTO 2.1.2) Copyright 2001-06, Regents of the University of Minnesota

Matrix Information -----------------------------------------------------------
  Name: /home/mestrada/devel/inf355/tarea1/nips/nips10.mat, #Rows: 917, #Columns: 918, #NonZeros: 841806

Options ----------------------------------------------------------------------
  CLMethod=Direct, CRfun=E1, SimFun=Cosine, #Clusters: 4
  RowModel=None, ColModel=None, GrModel=SY-DIR, NNbrs=40
  Colprune=1.00, EdgePrune=-1.00, VtxPrune=-1.00, MinComponent=5
  CSType=Best, AggloFrom=0, AggloCRFun=E1, NTrials=10, NIter=10

Solution ---------------------------------------------------------------------

------------------------------------------------------------------------
4-way clustering: [E1=2.70e+05] [917 of 917]
------------------------------------------------------------------------
cid  Size  ISim  ISdev   ESim  ESdev  | 
------------------------------------------------------------------------
  0   331 +0.170 +0.033 +0.123 +0.031 | 
  1   267 +0.164 +0.032 +0.122 +0.028 | 
  2   239 +0.139 +0.031 +0.110 +0.033 | 
  3    80 +0.080 +0.034 +0.061 +0.029 | 
------------------------------------------------------------------------
--------------------------------------------------------------------------------
4-way clustering solution - Descriptive & Discriminating Features...
--------------------------------------------------------------------------------
Cluster   0, Size:   331, ISim: 0.170, ESim: 0.123
      Descriptive:  model  4.8%, data  4.7%, models  4.6%, algorithm  4.5%, learning  4.1% 
   Discriminating:  networks  7.5%, data  6.6%, models  6.0%, network  4.5%, algorithm  2.6%

Cluster   1, Size:   267, ISim: 0.164, ESim: 0.122
      Descriptive:  networks 11.6%, learning  8.7%, network  7.2%, function  3.9%, algorithm  3.9% 
   Discriminating:  models  7.5%, networks  7.3%, model  6.7%, function  4.5%, data  4.3%

Cluster   2, Size:   239, ISim: 0.139, ESim: 0.110
      Descriptive:  network  8.7%, model  7.7%, system  7.0%, processing  4.3%, networks  4.2% 
   Discriminating:  system  7.4%, processing  5.7%, algorithm  5.4%, learning  5.4%, neurons  4.7%

Cluster   3, Size:    80, ISim: 0.080, ESim: 0.061
      Descriptive:  learning 19.0%, recognition 11.2%, image  5.8%, control  4.2%, VLSI  3.6% 
   Discriminating:  recognition  5.7%, learning  5.1%, image  4.2%, model  3.7%, network  3.5%
--------------------------------------------------------------------------------

Timing Information -----------------------------------------------------------
   I/O:                                   0.100 sec
   Clustering:                            1.900 sec
   Reporting:                             0.052 sec
Memory Usage Information -----------------------------------------------------
   Maximum memory used:                13660160 bytes
   Current memory used:                 6853000 bytes
********************************************************************************
