********************************************************************************
vcluster (CLUTO 2.1.2) Copyright 2001-06, Regents of the University of Minnesota

Matrix Information -----------------------------------------------------------
  Name: /home/mestrada/devel/inf355/tarea1/nips/nips06.mat, #Rows: 915, #Columns: 1023, #NonZeros: 936045

Options ----------------------------------------------------------------------
  CLMethod=Direct, CRfun=E1, SimFun=Cosine, #Clusters: 3
  RowModel=None, ColModel=None, GrModel=SY-DIR, NNbrs=40
  Colprune=1.00, EdgePrune=-1.00, VtxPrune=-1.00, MinComponent=5
  CSType=Best, AggloFrom=0, AggloCRFun=E1, NTrials=10, NIter=10

Solution ---------------------------------------------------------------------

------------------------------------------------------------------------
3-way clustering: [E1=2.72e+05] [915 of 915]
------------------------------------------------------------------------
cid  Size  ISim  ISdev   ESim  ESdev  | 
------------------------------------------------------------------------
  0   484 +0.160 +0.032 +0.110 +0.027 | 
  1   344 +0.132 +0.029 +0.111 +0.032 | 
  2    87 +0.080 +0.032 +0.064 +0.028 | 
------------------------------------------------------------------------
--------------------------------------------------------------------------------
3-way clustering solution - Descriptive & Discriminating Features...
--------------------------------------------------------------------------------
Cluster   0, Size:   484, ISim: 0.160, ESim: 0.110
      Descriptive:  learning  7.4%, networks  5.6%, algorithm  5.3%, network  4.4%, paper  3.3% 
   Discriminating:  algorithm  7.7%, system  7.2%, processing  5.4%, recognition  3.1%, neurons  2.4%

Cluster   1, Size:   344, ISim: 0.132, ESim: 0.111
      Descriptive:  network  9.6%, system  6.2%, model  5.9%, networks  4.8%, processing  3.0% 
   Discriminating:  system  9.5%, learning  9.1%, algorithm  5.4%, processing  4.5%, network  3.6%

Cluster   2, Size:    87, ISim: 0.080, ESim: 0.064
      Descriptive:  learning 18.9%, recognition  8.2%, networks  7.8%, control  6.3%, image  4.6% 
   Discriminating:  learning  5.6%, network  5.1%, control  4.2%, algorithm  3.7%, model  3.6%
--------------------------------------------------------------------------------

Timing Information -----------------------------------------------------------
   I/O:                                   0.124 sec
   Clustering:                            1.456 sec
   Reporting:                             0.060 sec
Memory Usage Information -----------------------------------------------------
   Maximum memory used:                15187968 bytes
   Current memory used:                 7610392 bytes
********************************************************************************
