********************************************************************************
vcluster (CLUTO 2.1.2) Copyright 2001-06, Regents of the University of Minnesota

Matrix Information -----------------------------------------------------------
  Name: /home/mestrada/devel/inf355/tarea1/nips/nips02.mat, #Rows: 914, #Columns: 681, #NonZeros: 622434

Options ----------------------------------------------------------------------
  CLMethod=Direct, CRfun=E1, SimFun=Cosine, #Clusters: 3
  RowModel=None, ColModel=None, GrModel=SY-DIR, NNbrs=40
  Colprune=1.00, EdgePrune=-1.00, VtxPrune=-1.00, MinComponent=5
  CSType=Best, AggloFrom=0, AggloCRFun=E1, NTrials=10, NIter=10

Solution ---------------------------------------------------------------------

------------------------------------------------------------------------
3-way clustering: [E1=2.89e+05] [914 of 914]
------------------------------------------------------------------------
cid  Size  ISim  ISdev   ESim  ESdev  | 
------------------------------------------------------------------------
  0   348 +0.193 +0.030 +0.131 +0.035 | 
  1   348 +0.167 +0.039 +0.133 +0.039 | 
  2   218 +0.113 +0.037 +0.105 +0.041 | 
------------------------------------------------------------------------
--------------------------------------------------------------------------------
3-way clustering solution - Descriptive & Discriminating Features...
--------------------------------------------------------------------------------
Cluster   0, Size:   348, ISim: 0.193, ESim: 0.131
      Descriptive:  learning 16.2%, Learning 14.3%, networks  4.7%, network  3.7%, algorithm  3.2% 
   Discriminating:  Learning 28.6%, learning 26.6%, recognition  3.1%, reinforcement  2.6%, Reinforcement  2.5%

Cluster   1, Size:   348, ISim: 0.167, ESim: 0.133
      Descriptive:  network  7.0%, networks  5.3%, algorithm  3.9%, recognition  3.9%, paper  3.8% 
   Discriminating:  Learning 18.7%, learning 16.9%, recognition  5.5%, performance  2.8%, speech  2.3%

Cluster   2, Size:   218, ISim: 0.113, ESim: 0.105
      Descriptive:  model  8.0%, networks  5.7%, network  5.6%, system  4.8%, processing  4.2% 
   Discriminating:  learning  9.4%, Learning  8.9%, algorithm  5.5%, processing  4.2%, neurons  3.6%
--------------------------------------------------------------------------------

Timing Information -----------------------------------------------------------
   I/O:                                   0.080 sec
   Clustering:                            0.968 sec
   Reporting:                             0.036 sec
Memory Usage Information -----------------------------------------------------
   Maximum memory used:                10125312 bytes
   Current memory used:                 5081728 bytes
********************************************************************************
