********************************************************************************
vcluster (CLUTO 2.1.2) Copyright 2001-06, Regents of the University of Minnesota

Matrix Information -----------------------------------------------------------
  Name: /home/mestrada/devel/inf355/tarea1/nips/nips01.mat, #Rows: 913, #Columns: 591, #NonZeros: 539583

Options ----------------------------------------------------------------------
  CLMethod=Direct, CRfun=E1, SimFun=Cosine, #Clusters: 3
  RowModel=None, ColModel=None, GrModel=SY-DIR, NNbrs=40
  Colprune=1.00, EdgePrune=-1.00, VtxPrune=-1.00, MinComponent=5
  CSType=Best, AggloFrom=0, AggloCRFun=E1, NTrials=10, NIter=10

Solution ---------------------------------------------------------------------

------------------------------------------------------------------------
3-way clustering: [E1=2.95e+05] [913 of 913]
------------------------------------------------------------------------
cid  Size  ISim  ISdev   ESim  ESdev  | 
------------------------------------------------------------------------
  0   471 +0.203 +0.038 +0.132 +0.032 | 
  1   131 +0.124 +0.053 +0.100 +0.045 | 
  2   311 +0.144 +0.035 +0.126 +0.037 | 
------------------------------------------------------------------------
--------------------------------------------------------------------------------
3-way clustering solution - Descriptive & Discriminating Features...
--------------------------------------------------------------------------------
Cluster   0, Size:   471, ISim: 0.203, ESim: 0.132
      Descriptive:  learning  7.5%, Learning  5.5%, networks  4.9%, network  4.7%, algorithm  4.6% 
   Discriminating:  algorithm  7.9%, system  7.0%, processing  4.0%, Neural  2.8%, neural  2.8%

Cluster   1, Size:   131, ISim: 0.124, ESim: 0.100
      Descriptive:  learning 22.6%, Learning 21.6%, networks  5.6%, control  3.3%, Control  3.1% 
   Discriminating:  Learning 14.4%, learning 12.1%, Control  3.0%, paper  3.0%, results  2.9%

Cluster   2, Size:   311, ISim: 0.144, ESim: 0.126
      Descriptive:  network  9.4%, networks  6.6%, system  6.4%, model  6.3%, processing  2.6% 
   Discriminating:  learning 18.3%, Learning 16.6%, system  7.5%, algorithm  4.4%, processing  2.5%
--------------------------------------------------------------------------------

Timing Information -----------------------------------------------------------
   I/O:                                   0.068 sec
   Clustering:                            0.892 sec
   Reporting:                             0.032 sec
Memory Usage Information -----------------------------------------------------
   Maximum memory used:                 8794112 bytes
   Current memory used:                 4414408 bytes
********************************************************************************
