********************************************************************************
vcluster (CLUTO 2.1.2) Copyright 2001-06, Regents of the University of Minnesota

Matrix Information -----------------------------------------------------------
  Name: /home/mestrada/devel/inf355/tarea1/nips/nips00.mat, #Rows: 824, #Columns: 508, #NonZeros: 418592

Options ----------------------------------------------------------------------
  CLMethod=Direct, CRfun=E1, SimFun=Cosine, #Clusters: 4
  RowModel=None, ColModel=None, GrModel=SY-DIR, NNbrs=40
  Colprune=1.00, EdgePrune=-1.00, VtxPrune=-1.00, MinComponent=5
  CSType=Best, AggloFrom=0, AggloCRFun=E1, NTrials=10, NIter=10

Solution ---------------------------------------------------------------------

------------------------------------------------------------------------
4-way clustering: [E1=2.38e+05] [824 of 824]
------------------------------------------------------------------------
cid  Size  ISim  ISdev   ESim  ESdev  | 
------------------------------------------------------------------------
  0   275 +0.187 +0.041 +0.141 +0.041 | 
  1   178 +0.182 +0.036 +0.140 +0.035 | 
  2   187 +0.180 +0.035 +0.139 +0.033 | 
  3   184 +0.153 +0.036 +0.124 +0.040 | 
------------------------------------------------------------------------
--------------------------------------------------------------------------------
4-way clustering solution - Descriptive & Discriminating Features...
--------------------------------------------------------------------------------
Cluster   0, Size:   275, ISim: 0.187, ESim: 0.141
      Descriptive:  algorithm 10.3%, data  5.8%, model  4.8%, paper  3.8%, problem  3.5% 
   Discriminating:  algorithm 15.7%, network 13.1%, system  6.1%, networks  5.8%, problems  5.0%

Cluster   1, Size:   178, ISim: 0.182, ESim: 0.140
      Descriptive:  network 10.9%, system  9.4%, recognition  6.1%, results  5.7%, performance  4.9% 
   Discriminating:  recognition 13.0%, system 12.1%, model  4.5%, speech  4.3%, function  3.9%

Cluster   2, Size:   187, ISim: 0.180, ESim: 0.139
      Descriptive:  networks 16.2%, network 11.1%, function  4.1%, paper  3.7%, learning  3.6% 
   Discriminating:  networks 20.7%, model  7.2%, system  5.6%, functions  4.2%, data  3.9%

Cluster   3, Size:   184, ISim: 0.153, ESim: 0.124
      Descriptive:  model 13.9%, network  7.4%, neurons  5.3%, system  4.4%, cells  2.5% 
   Discriminating:  neurons  9.4%, model  9.3%, algorithm  7.1%, cells  4.9%, processing  3.1%
--------------------------------------------------------------------------------

Timing Information -----------------------------------------------------------
   I/O:                                   0.048 sec
   Clustering:                            0.980 sec
   Reporting:                             0.028 sec
Memory Usage Information -----------------------------------------------------
   Maximum memory used:                 6852608 bytes
   Current memory used:                 3437440 bytes
********************************************************************************
