********************************************************************************
vcluster (CLUTO 2.1.2) Copyright 2001-06, Regents of the University of Minnesota

Matrix Information -----------------------------------------------------------
  Name: /home/mestrada/devel/inf355/tarea1/nips/nips10.mat, #Rows: 917, #Columns: 918, #NonZeros: 841806

Options ----------------------------------------------------------------------
  CLMethod=Direct, CRfun=E1, SimFun=Cosine, #Clusters: 3
  RowModel=None, ColModel=None, GrModel=SY-DIR, NNbrs=40
  Colprune=1.00, EdgePrune=-1.00, VtxPrune=-1.00, MinComponent=5
  CSType=Best, AggloFrom=0, AggloCRFun=E1, NTrials=10, NIter=10

Solution ---------------------------------------------------------------------

------------------------------------------------------------------------
3-way clustering: [E1=2.76e+05] [917 of 917]
------------------------------------------------------------------------
cid  Size  ISim  ISdev   ESim  ESdev  | 
------------------------------------------------------------------------
  0   501 +0.164 +0.033 +0.111 +0.027 | 
  1   311 +0.134 +0.032 +0.112 +0.034 | 
  2   105 +0.091 +0.037 +0.075 +0.035 | 
------------------------------------------------------------------------
--------------------------------------------------------------------------------
3-way clustering solution - Descriptive & Discriminating Features...
--------------------------------------------------------------------------------
Cluster   0, Size:   501, ISim: 0.164, ESim: 0.111
      Descriptive:  learning  6.6%, networks  5.7%, network  5.0%, algorithm  4.9%, paper  3.4% 
   Discriminating:  system  6.8%, algorithm  6.6%, processing  5.1%, recognition  2.8%, neurons  2.5%

Cluster   1, Size:   311, ISim: 0.134, ESim: 0.112
      Descriptive:  network  9.0%, model  6.9%, system  6.4%, networks  4.2%, processing  3.2% 
   Discriminating:  learning 10.3%, system  8.2%, algorithm  5.3%, processing  4.1%, neurons  3.3%

Cluster   2, Size:   105, ISim: 0.091, ESim: 0.075
      Descriptive:  learning 27.1%, networks  9.9%, control  5.1%, recognition  3.4%, functions  2.6% 
   Discriminating:  learning 14.1%, model  4.7%, network  3.7%, control  3.6%, paper  3.2%
--------------------------------------------------------------------------------

Timing Information -----------------------------------------------------------
   I/O:                                   0.104 sec
   Clustering:                            1.276 sec
   Reporting:                             0.048 sec
Memory Usage Information -----------------------------------------------------
   Maximum memory used:                13656064 bytes
   Current memory used:                 6852920 bytes
********************************************************************************
