********************************************************************************
vcluster (CLUTO 2.1.2) Copyright 2001-06, Regents of the University of Minnesota

Matrix Information -----------------------------------------------------------
  Name: /home/mestrada/devel/inf355/tarea1/nips/nips11.mat, #Rows: 915, #Columns: 1010, #NonZeros: 924150

Options ----------------------------------------------------------------------
  CLMethod=Direct, CRfun=E1, SimFun=Cosine, #Clusters: 2
  RowModel=None, ColModel=None, GrModel=SY-DIR, NNbrs=40
  Colprune=1.00, EdgePrune=-1.00, VtxPrune=-1.00, MinComponent=5
  CSType=Best, AggloFrom=0, AggloCRFun=E1, NTrials=10, NIter=10

Solution ---------------------------------------------------------------------

------------------------------------------------------------------------
2-way clustering: [E1=2.81e+05] [915 of 915]
------------------------------------------------------------------------
cid  Size  ISim  ISdev   ESim  ESdev  | 
------------------------------------------------------------------------
  0   565 +0.150 +0.035 +0.106 +0.031 | 
  1   350 +0.115 +0.033 +0.106 +0.038 | 
------------------------------------------------------------------------
--------------------------------------------------------------------------------
2-way clustering solution - Descriptive & Discriminating Features...
--------------------------------------------------------------------------------
Cluster   0, Size:   565, ISim: 0.150, ESim: 0.106
      Descriptive:  learning  8.4%, networks  6.4%, network  5.4%, algorithm  4.6%, paper  3.0% 
   Discriminating:  processing  6.4%, system  6.1%, algorithm  5.9%, learning  5.8%, recognition  4.0%

Cluster   1, Size:   350, ISim: 0.115, ESim: 0.106
      Descriptive:  network  6.8%, model  5.8%, system  5.7%, networks  4.7%, recognition  4.5% 
   Discriminating:  processing  6.4%, system  6.1%, algorithm  5.9%, learning  5.8%, recognition  4.0%
--------------------------------------------------------------------------------

Timing Information -----------------------------------------------------------
   I/O:                                   0.108 sec
   Clustering:                            0.756 sec
   Reporting:                             0.052 sec
Memory Usage Information -----------------------------------------------------
   Maximum memory used:                14966784 bytes
   Current memory used:                 7511560 bytes
********************************************************************************
