********************************************************************************
vcluster (CLUTO 2.1.2) Copyright 2001-06, Regents of the University of Minnesota

Matrix Information -----------------------------------------------------------
  Name: /home/mestrada/devel/inf355/tarea1/nips/nips05.mat, #Rows: 914, #Columns: 918, #NonZeros: 839052

Options ----------------------------------------------------------------------
  CLMethod=Direct, CRfun=E1, SimFun=Cosine, #Clusters: 4
  RowModel=None, ColModel=None, GrModel=SY-DIR, NNbrs=40
  Colprune=1.00, EdgePrune=-1.00, VtxPrune=-1.00, MinComponent=5
  CSType=Best, AggloFrom=0, AggloCRFun=E1, NTrials=10, NIter=10

Solution ---------------------------------------------------------------------

------------------------------------------------------------------------
4-way clustering: [E1=2.70e+05] [914 of 914]
------------------------------------------------------------------------
cid  Size  ISim  ISdev   ESim  ESdev  | 
------------------------------------------------------------------------
  0   428 +0.173 +0.033 +0.119 +0.027 | 
  1   159 +0.157 +0.032 +0.114 +0.037 | 
  2   226 +0.137 +0.032 +0.111 +0.034 | 
  3   101 +0.112 +0.042 +0.086 +0.038 | 
------------------------------------------------------------------------
--------------------------------------------------------------------------------
4-way clustering solution - Descriptive & Discriminating Features...
--------------------------------------------------------------------------------
Cluster   0, Size:   428, ISim: 0.173, ESim: 0.119
      Descriptive:  learning  6.1%, networks  5.7%, network  5.0%, algorithm  4.7%, paper  3.4% 
   Discriminating:  recognition  7.1%, system  5.7%, algorithm  4.3%, processing  3.7%, method  3.1%

Cluster   1, Size:   159, ISim: 0.157, ESim: 0.114
      Descriptive:  recognition 20.1%, network  5.8%, speech  4.2%, system  3.7%, learning  3.2% 
   Discriminating:  recognition 36.9%, speech  8.1%, networks  3.0%, image  2.8%, character  1.8%

Cluster   2, Size:   226, ISim: 0.137, ESim: 0.111
      Descriptive:  model  8.6%, network  7.0%, networks  5.4%, system  4.7%, processing  3.9% 
   Discriminating:  learning  7.2%, neurons  5.4%, algorithm  4.9%, processing  4.4%, model  3.9%

Cluster   3, Size:   101, ISim: 0.112, ESim: 0.086
      Descriptive:  learning 25.7%, networks 10.8%, control  7.0%, reinforcement  3.9%, network  3.4% 
   Discriminating:  learning 13.8%, control  6.3%, model  4.6%, reinforcement  4.3%, recognition  3.2%
--------------------------------------------------------------------------------

Timing Information -----------------------------------------------------------
   I/O:                                   0.096 sec
   Clustering:                            1.880 sec
   Reporting:                             0.048 sec
Memory Usage Information -----------------------------------------------------
   Maximum memory used:                13611008 bytes
   Current memory used:                 6828224 bytes
********************************************************************************
