********************************************************************************
vcluster (CLUTO 2.1.2) Copyright 2001-06, Regents of the University of Minnesota

Matrix Information -----------------------------------------------------------
  Name: /home/mestrada/devel/inf355/tarea1/nips/nips11.mat, #Rows: 915, #Columns: 1010, #NonZeros: 924150

Options ----------------------------------------------------------------------
  CLMethod=Direct, CRfun=E1, SimFun=Cosine, #Clusters: 4
  RowModel=None, ColModel=None, GrModel=SY-DIR, NNbrs=40
  Colprune=1.00, EdgePrune=-1.00, VtxPrune=-1.00, MinComponent=5
  CSType=Best, AggloFrom=0, AggloCRFun=E1, NTrials=10, NIter=10

Solution ---------------------------------------------------------------------

------------------------------------------------------------------------
4-way clustering: [E1=2.66e+05] [915 of 915]
------------------------------------------------------------------------
cid  Size  ISim  ISdev   ESim  ESdev  | 
------------------------------------------------------------------------
  0   329 +0.173 +0.032 +0.123 +0.030 | 
  1   253 +0.153 +0.032 +0.115 +0.030 | 
  2   118 +0.121 +0.040 +0.090 +0.038 | 
  3   215 +0.131 +0.032 +0.106 +0.033 | 
------------------------------------------------------------------------
--------------------------------------------------------------------------------
4-way clustering solution - Descriptive & Discriminating Features...
--------------------------------------------------------------------------------
Cluster   0, Size:   329, ISim: 0.173, ESim: 0.123
      Descriptive:  model  5.0%, data  4.9%, models  4.7%, network  4.1%, algorithm  4.0% 
   Discriminating:  data  8.3%, models  7.2%, networks  6.7%, learning  3.9%, network  3.0%

Cluster   1, Size:   253, ISim: 0.153, ESim: 0.115
      Descriptive:  learning 14.7%, networks 10.5%, network  5.4%, algorithm  4.2%, function  3.8% 
   Discriminating:  learning 12.3%, model  5.6%, models  5.3%, recognition  5.2%, networks  4.1%

Cluster   2, Size:   118, ISim: 0.121, ESim: 0.090
      Descriptive:  recognition 16.8%, image  7.8%, Image  4.9%, network  4.3%, architecture  3.3% 
   Discriminating:  recognition 17.1%, image 10.3%, Image  7.2%, model  4.0%, architecture  2.7%

Cluster   3, Size:   215, ISim: 0.131, ESim: 0.106
      Descriptive:  model  8.8%, network  8.7%, networks  5.4%, system  4.9%, processing  3.6% 
   Discriminating:  algorithm  5.4%, neurons  5.2%, learning  4.8%, model  4.0%, processing  3.5%
--------------------------------------------------------------------------------

Timing Information -----------------------------------------------------------
   I/O:                                   0.108 sec
   Clustering:                            2.076 sec
   Reporting:                             0.052 sec
Memory Usage Information -----------------------------------------------------
   Maximum memory used:                14974976 bytes
   Current memory used:                 7511640 bytes
********************************************************************************
