********************************************************************************
vcluster (CLUTO 2.1.2) Copyright 2001-06, Regents of the University of Minnesota

Matrix Information -----------------------------------------------------------
  Name: /home/mestrada/devel/inf355/tarea1/nips/nips03.mat, #Rows: 913, #Columns: 911, #NonZeros: 831743

Options ----------------------------------------------------------------------
  CLMethod=Direct, CRfun=E1, SimFun=Cosine, #Clusters: 5
  RowModel=None, ColModel=None, GrModel=SY-DIR, NNbrs=40
  Colprune=1.00, EdgePrune=-1.00, VtxPrune=-1.00, MinComponent=5
  CSType=Best, AggloFrom=0, AggloCRFun=E1, NTrials=10, NIter=10

Solution ---------------------------------------------------------------------

------------------------------------------------------------------------
5-way clustering: [E1=2.64e+05] [913 of 913]
------------------------------------------------------------------------
cid  Size  ISim  ISdev   ESim  ESdev  | 
------------------------------------------------------------------------
  0   201 +0.178 +0.026 +0.120 +0.027 | 
  1   334 +0.182 +0.035 +0.128 +0.031 | 
  2   130 +0.160 +0.034 +0.113 +0.034 | 
  3   185 +0.140 +0.032 +0.110 +0.034 | 
  4    63 +0.075 +0.028 +0.058 +0.026 | 
------------------------------------------------------------------------
--------------------------------------------------------------------------------
5-way clustering solution - Descriptive & Discriminating Features...
--------------------------------------------------------------------------------
Cluster   0, Size:   201, ISim: 0.178, ESim: 0.120
      Descriptive:  learning 20.7%, Learning 19.7%, networks  3.7%, algorithm  2.9%, network  2.8% 
   Discriminating:  Learning 25.9%, learning 22.2%, reinforcement  4.6%, Reinforcement  4.4%, network  1.9%

Cluster   1, Size:   334, ISim: 0.182, ESim: 0.128
      Descriptive:  networks  6.3%, network  5.9%, algorithm  4.2%, learning  3.8%, model  3.1% 
   Discriminating:  system  4.5%, Learning  3.3%, processing  3.2%, recognition  3.1%, neurons  2.8%

Cluster   2, Size:   130, ISim: 0.160, ESim: 0.113
      Descriptive:  recognition 15.2%, network  5.9%, speech  5.7%, system  4.2%, performance  4.0% 
   Discriminating:  recognition 22.0%, speech 10.9%, Speech  7.1%, learning  6.3%, Learning  6.2%

Cluster   3, Size:   185, ISim: 0.140, ESim: 0.110
      Descriptive:  model  9.5%, network  5.1%, networks  4.5%, system  4.2%, processing  3.5% 
   Discriminating:  Learning  7.4%, learning  7.2%, neurons  5.2%, model  4.9%, algorithm  4.1%

Cluster   4, Size:    63, ISim: 0.075, ESim: 0.058
      Descriptive:  networks  7.8%, control  5.3%, image  5.2%, models  4.6%, Image  4.2% 
   Discriminating:  learning  6.3%, model  5.0%, Learning  4.6%, Image  3.5%, algorithm  3.5%
--------------------------------------------------------------------------------

Timing Information -----------------------------------------------------------
   I/O:                                   0.100 sec
   Clustering:                            2.504 sec
   Reporting:                             0.048 sec
Memory Usage Information -----------------------------------------------------
   Maximum memory used:                13500416 bytes
   Current memory used:                 6770576 bytes
********************************************************************************
