********************************************************************************
vcluster (CLUTO 2.1.2) Copyright 2001-06, Regents of the University of Minnesota

Matrix Information -----------------------------------------------------------
  Name: /home/mestrada/devel/inf355/tarea1/nips/nips12.mat, #Rows: 916, #Columns: 1161, #NonZeros: 1063476

Options ----------------------------------------------------------------------
  CLMethod=Direct, CRfun=E1, SimFun=Cosine, #Clusters: 5
  RowModel=None, ColModel=None, GrModel=SY-DIR, NNbrs=40
  Colprune=1.00, EdgePrune=-1.00, VtxPrune=-1.00, MinComponent=5
  CSType=Best, AggloFrom=0, AggloCRFun=E1, NTrials=10, NIter=10

Solution ---------------------------------------------------------------------

------------------------------------------------------------------------
5-way clustering: [E1=2.60e+05] [916 of 916]
------------------------------------------------------------------------
cid  Size  ISim  ISdev   ESim  ESdev  | 
------------------------------------------------------------------------
  0   275 +0.172 +0.031 +0.122 +0.027 | 
  1   142 +0.155 +0.033 +0.110 +0.035 | 
  2   216 +0.165 +0.031 +0.121 +0.030 | 
  3   202 +0.137 +0.031 +0.106 +0.032 | 
  4    81 +0.103 +0.042 +0.073 +0.033 | 
------------------------------------------------------------------------
--------------------------------------------------------------------------------
5-way clustering solution - Descriptive & Discriminating Features...
--------------------------------------------------------------------------------
Cluster   0, Size:   275, ISim: 0.172, ESim: 0.122
      Descriptive:  networks  8.9%, network  7.8%, learning  6.6%, function  3.5%, algorithm  3.1% 
   Discriminating:  model  7.9%, models  5.5%, recognition  4.8%, function  4.5%, training  4.2%

Cluster   1, Size:   142, ISim: 0.155, ESim: 0.110
      Descriptive:  recognition 20.0%, network  5.8%, speech  4.7%, system  4.2%, performance  3.4% 
   Discriminating:  recognition 34.2%, speech  8.9%, learning  3.8%, image  3.3%, function  2.2%

Cluster   2, Size:   216, ISim: 0.165, ESim: 0.121
      Descriptive:  model  6.7%, algorithm  6.2%, learning  5.8%, models  5.3%, data  4.9% 
   Discriminating:  network  5.6%, networks  5.6%, models  5.1%, algorithm  4.9%, data  4.3%

Cluster   3, Size:   202, ISim: 0.137, ESim: 0.106
      Descriptive:  model  9.3%, network  7.1%, system  5.4%, processing  3.9%, networks  3.8% 
   Discriminating:  neurons  6.2%, learning  5.6%, algorithm  5.0%, model  4.6%, processing  3.9%

Cluster   4, Size:    81, ISim: 0.103, ESim: 0.073
      Descriptive:  learning 24.8%, control 12.2%, networks 11.8%, VLSI  3.9%, reinforcement  3.5% 
   Discriminating:  control 10.7%, learning 10.2%, model  5.3%, VLSI  3.5%, network  3.5%
--------------------------------------------------------------------------------

Timing Information -----------------------------------------------------------
   I/O:                                   0.124 sec
   Clustering:                            3.180 sec
   Reporting:                             0.064 sec
Memory Usage Information -----------------------------------------------------
   Maximum memory used:                17252352 bytes
   Current memory used:                 8632264 bytes
********************************************************************************
