********************************************************************************
vcluster (CLUTO 2.1.2) Copyright 2001-06, Regents of the University of Minnesota

Matrix Information -----------------------------------------------------------
  Name: /home/mestrada/devel/inf355/tarea1/nips/nips02.mat, #Rows: 914, #Columns: 681, #NonZeros: 622434

Options ----------------------------------------------------------------------
  CLMethod=Direct, CRfun=E1, SimFun=Cosine, #Clusters: 5
  RowModel=None, ColModel=None, GrModel=SY-DIR, NNbrs=40
  Colprune=1.00, EdgePrune=-1.00, VtxPrune=-1.00, MinComponent=5
  CSType=Best, AggloFrom=0, AggloCRFun=E1, NTrials=10, NIter=10

Solution ---------------------------------------------------------------------

------------------------------------------------------------------------
5-way clustering: [E1=2.77e+05] [914 of 914]
------------------------------------------------------------------------
cid  Size  ISim  ISdev   ESim  ESdev  | 
------------------------------------------------------------------------
  0   347 +0.221 +0.028 +0.141 +0.025 | 
  1   137 +0.177 +0.035 +0.124 +0.038 | 
  2    96 +0.134 +0.054 +0.094 +0.040 | 
  3   175 +0.139 +0.033 +0.112 +0.034 | 
  4   159 +0.148 +0.031 +0.124 +0.030 | 
------------------------------------------------------------------------
--------------------------------------------------------------------------------
5-way clustering solution - Descriptive & Discriminating Features...
--------------------------------------------------------------------------------
Cluster   0, Size:   347, ISim: 0.221, ESim: 0.141
      Descriptive:  learning 10.9%, Learning  8.9%, networks  4.2%, network  4.2%, model  3.7% 
   Discriminating:  Learning 17.7%, learning 17.7%, system  4.3%, recognition  3.4%, network  2.5%

Cluster   1, Size:   137, ISim: 0.177, ESim: 0.124
      Descriptive:  recognition 16.1%, speech  5.2%, network  5.2%, performance  4.1%, system  4.1% 
   Discriminating:  recognition 24.3%, speech  9.8%, Learning  7.1%, learning  7.1%, Speech  6.0%

Cluster   2, Size:    96, ISim: 0.134, ESim: 0.094
      Descriptive:  learning 21.0%, Learning 21.0%, networks  4.8%, control  4.2%, Control  3.9% 
   Discriminating:  Learning 12.0%, learning  9.3%, Control  3.8%, model  3.7%, network  3.0%

Cluster   3, Size:   175, ISim: 0.139, ESim: 0.112
      Descriptive:  model  8.5%, network  6.3%, system  5.8%, processing  4.8%, networks  4.2% 
   Discriminating:  learning  8.1%, Learning  7.8%, neurons  5.1%, processing  5.0%, algorithm  4.8%

Cluster   4, Size:   159, ISim: 0.148, ESim: 0.124
      Descriptive:  networks 11.4%, network  8.3%, algorithm  5.4%, data  5.0%, paper  4.4% 
   Discriminating:  Learning 19.4%, learning 18.5%, networks  4.7%, recognition  4.4%, data  2.7%
--------------------------------------------------------------------------------

Timing Information -----------------------------------------------------------
   I/O:                                   0.076 sec
   Clustering:                            1.908 sec
   Reporting:                             0.036 sec
Memory Usage Information -----------------------------------------------------
   Maximum memory used:                10133504 bytes
   Current memory used:                 5081896 bytes
********************************************************************************
