********************************************************************************
vcluster (CLUTO 2.1.2) Copyright 2001-06, Regents of the University of Minnesota

Matrix Information -----------------------------------------------------------
  Name: /home/mestrada/devel/inf355/tarea1/nips/nips07.mat, #Rows: 914, #Columns: 942, #NonZeros: 860988

Options ----------------------------------------------------------------------
  CLMethod=Direct, CRfun=E1, SimFun=Cosine, #Clusters: 4
  RowModel=None, ColModel=None, GrModel=SY-DIR, NNbrs=40
  Colprune=1.00, EdgePrune=-1.00, VtxPrune=-1.00, MinComponent=5
  CSType=Best, AggloFrom=0, AggloCRFun=E1, NTrials=10, NIter=10

Solution ---------------------------------------------------------------------

------------------------------------------------------------------------
4-way clustering: [E1=2.68e+05] [914 of 914]
------------------------------------------------------------------------
cid  Size  ISim  ISdev   ESim  ESdev  | 
------------------------------------------------------------------------
  0   318 +0.171 +0.033 +0.123 +0.031 | 
  1   276 +0.161 +0.031 +0.121 +0.028 | 
  2   242 +0.140 +0.030 +0.111 +0.032 | 
  3    78 +0.080 +0.033 +0.060 +0.026 | 
------------------------------------------------------------------------
--------------------------------------------------------------------------------
4-way clustering solution - Descriptive & Discriminating Features...
--------------------------------------------------------------------------------
Cluster   0, Size:   318, ISim: 0.171, ESim: 0.123
      Descriptive:  model  5.4%, data  4.9%, models  4.8%, algorithm  4.3%, learning  4.0% 
   Discriminating:  networks  9.4%, data  6.5%, models  5.8%, network  5.3%, processing  2.1%

Cluster   1, Size:   276, ISim: 0.161, ESim: 0.121
      Descriptive:  networks 12.4%, learning  9.4%, network  7.5%, algorithm  3.9%, function  3.5% 
   Discriminating:  networks  9.3%, model  8.5%, models  8.0%, functions  4.2%, data  4.2%

Cluster   2, Size:   242, ISim: 0.140, ESim: 0.111
      Descriptive:  network  8.1%, model  7.7%, system  6.3%, networks  4.4%, processing  3.8% 
   Discriminating:  learning  6.2%, system  6.2%, neurons  5.6%, algorithm  4.8%, processing  4.6%

Cluster   3, Size:    78, ISim: 0.080, ESim: 0.060
      Descriptive:  learning 15.5%, recognition 13.6%, image  6.9%, control  5.2%, VLSI  3.5% 
   Discriminating:  recognition  7.6%, image  5.2%, model  3.6%, algorithm  3.3%, learning  3.1%
--------------------------------------------------------------------------------

Timing Information -----------------------------------------------------------
   I/O:                                   0.100 sec
   Clustering:                            1.984 sec
   Reporting:                             0.048 sec
Memory Usage Information -----------------------------------------------------
   Maximum memory used:                13959168 bytes
   Current memory used:                 7001296 bytes
********************************************************************************
