********************************************************************************
vcluster (CLUTO 2.1.2) Copyright 2001-06, Regents of the University of Minnesota

Matrix Information -----------------------------------------------------------
  Name: /home/mestrada/devel/inf355/tarea1/nips/nips06.mat, #Rows: 915, #Columns: 1023, #NonZeros: 936045

Options ----------------------------------------------------------------------
  CLMethod=Direct, CRfun=E1, SimFun=Cosine, #Clusters: 5
  RowModel=None, ColModel=None, GrModel=SY-DIR, NNbrs=40
  Colprune=1.00, EdgePrune=-1.00, VtxPrune=-1.00, MinComponent=5
  CSType=Best, AggloFrom=0, AggloCRFun=E1, NTrials=10, NIter=10

Solution ---------------------------------------------------------------------

------------------------------------------------------------------------
5-way clustering: [E1=2.61e+05] [915 of 915]
------------------------------------------------------------------------
cid  Size  ISim  ISdev   ESim  ESdev  | 
------------------------------------------------------------------------
  0   283 +0.175 +0.032 +0.124 +0.028 | 
  1   220 +0.169 +0.031 +0.123 +0.029 | 
  2   135 +0.152 +0.028 +0.108 +0.032 | 
  3   205 +0.137 +0.030 +0.108 +0.032 | 
  4    72 +0.083 +0.032 +0.063 +0.029 | 
------------------------------------------------------------------------
--------------------------------------------------------------------------------
5-way clustering solution - Descriptive & Discriminating Features...
--------------------------------------------------------------------------------
Cluster   0, Size:   283, ISim: 0.175, ESim: 0.124
      Descriptive:  networks  8.6%, network  7.1%, learning  6.5%, algorithm  3.4%, function  3.1% 
   Discriminating:  model  6.9%, models  5.8%, recognition  4.5%, training  3.7%, system  3.5%

Cluster   1, Size:   220, ISim: 0.169, ESim: 0.123
      Descriptive:  model  6.7%, learning  6.2%, algorithm  6.1%, models  5.8%, data  5.2% 
   Discriminating:  models  6.5%, network  5.6%, data  4.9%, networks  4.8%, algorithm  4.7%

Cluster   2, Size:   135, ISim: 0.152, ESim: 0.108
      Descriptive:  recognition 20.6%, network  6.0%, speech  3.8%, system  3.5%, performance  3.2% 
   Discriminating:  recognition 33.2%, speech  6.2%, model  2.7%, image  2.6%, networks  2.5%

Cluster   3, Size:   205, ISim: 0.137, ESim: 0.108
      Descriptive:  model  9.0%, network  7.7%, system  5.6%, networks  4.1%, processing  4.0% 
   Discriminating:  neurons  6.0%, learning  5.3%, algorithm  5.2%, processing  4.6%, model  4.4%

Cluster   4, Size:    72, ISim: 0.083, ESim: 0.063
      Descriptive:  learning 16.2%, networks 12.3%, control  9.9%, VLSI  3.2%, modeling  2.9% 
   Discriminating:  control  7.4%, network  5.6%, model  5.2%, learning  3.6%, algorithm  2.9%
--------------------------------------------------------------------------------

Timing Information -----------------------------------------------------------
   I/O:                                   0.116 sec
   Clustering:                            2.796 sec
   Reporting:                             0.060 sec
Memory Usage Information -----------------------------------------------------
   Maximum memory used:                15204352 bytes
   Current memory used:                 7610560 bytes
********************************************************************************
