********************************************************************************
vcluster (CLUTO 2.1.2) Copyright 2001-06, Regents of the University of Minnesota

Matrix Information -----------------------------------------------------------
  Name: /home/mestrada/devel/inf355/tarea1/nips/nips01.mat, #Rows: 913, #Columns: 591, #NonZeros: 539583

Options ----------------------------------------------------------------------
  CLMethod=Direct, CRfun=E1, SimFun=Cosine, #Clusters: 2
  RowModel=None, ColModel=None, GrModel=SY-DIR, NNbrs=40
  Colprune=1.00, EdgePrune=-1.00, VtxPrune=-1.00, MinComponent=5
  CSType=Best, AggloFrom=0, AggloCRFun=E1, NTrials=10, NIter=10

Solution ---------------------------------------------------------------------

------------------------------------------------------------------------
2-way clustering: [E1=3.04e+05] [913 of 913]
------------------------------------------------------------------------
cid  Size  ISim  ISdev   ESim  ESdev  | 
------------------------------------------------------------------------
  0   531 +0.192 +0.040 +0.124 +0.037 | 
  1   382 +0.123 +0.039 +0.124 +0.045 | 
------------------------------------------------------------------------
--------------------------------------------------------------------------------
2-way clustering solution - Descriptive & Discriminating Features...
--------------------------------------------------------------------------------
Cluster   0, Size:   531, ISim: 0.192, ESim: 0.124
      Descriptive:  learning 11.9%, Learning  9.6%, networks  5.0%, network  4.7%, algorithm  3.9% 
   Discriminating:  learning 22.1%, Learning 20.7%, system  4.1%, algorithm  4.1%, processing  3.1%

Cluster   1, Size:   382, ISim: 0.123, ESim: 0.124
      Descriptive:  network  8.3%, networks  7.3%, model  5.7%, system  4.8%, models  3.4% 
   Discriminating:  learning 22.1%, Learning 20.7%, system  4.1%, algorithm  4.1%, processing  3.1%
--------------------------------------------------------------------------------

Timing Information -----------------------------------------------------------
   I/O:                                   0.064 sec
   Clustering:                            0.464 sec
   Reporting:                             0.032 sec
Memory Usage Information -----------------------------------------------------
   Maximum memory used:                 8790016 bytes
   Current memory used:                 4414328 bytes
********************************************************************************
