********************************************************************************
vcluster (CLUTO 2.1.2) Copyright 2001-06, Regents of the University of Minnesota

Matrix Information -----------------------------------------------------------
  Name: /home/mestrada/devel/inf355/tarea1/nips/nips10.mat, #Rows: 917, #Columns: 918, #NonZeros: 841806

Options ----------------------------------------------------------------------
  CLMethod=Direct, CRfun=E1, SimFun=Cosine, #Clusters: 2
  RowModel=None, ColModel=None, GrModel=SY-DIR, NNbrs=40
  Colprune=1.00, EdgePrune=-1.00, VtxPrune=-1.00, MinComponent=5
  CSType=Best, AggloFrom=0, AggloCRFun=E1, NTrials=10, NIter=10

Solution ---------------------------------------------------------------------

------------------------------------------------------------------------
2-way clustering: [E1=2.84e+05] [917 of 917]
------------------------------------------------------------------------
cid  Size  ISim  ISdev   ESim  ESdev  | 
------------------------------------------------------------------------
  0   566 +0.154 +0.035 +0.107 +0.031 | 
  1   351 +0.114 +0.036 +0.107 +0.040 | 
------------------------------------------------------------------------
--------------------------------------------------------------------------------
2-way clustering solution - Descriptive & Discriminating Features...
--------------------------------------------------------------------------------
Cluster   0, Size:   566, ISim: 0.154, ESim: 0.107
      Descriptive:  learning  8.5%, networks  6.6%, network  5.4%, algorithm  4.6%, paper  3.0% 
   Discriminating:  system  7.0%, learning  5.9%, processing  5.8%, algorithm  5.8%, recognition  4.2%

Cluster   1, Size:   351, ISim: 0.114, ESim: 0.107
      Descriptive:  network  7.0%, system  6.0%, model  5.8%, recognition  4.5%, networks  4.3% 
   Discriminating:  system  7.0%, learning  5.9%, processing  5.8%, algorithm  5.8%, recognition  4.2%
--------------------------------------------------------------------------------

Timing Information -----------------------------------------------------------
   I/O:                                   0.104 sec
   Clustering:                            0.708 sec
   Reporting:                             0.052 sec
Memory Usage Information -----------------------------------------------------
   Maximum memory used:                13651968 bytes
   Current memory used:                 6852848 bytes
********************************************************************************
