********************************************************************************
vcluster (CLUTO 2.1.2) Copyright 2001-06, Regents of the University of Minnesota

Matrix Information -----------------------------------------------------------
  Name: /home/mestrada/devel/inf355/tarea1/nips/nips09.mat, #Rows: 915, #Columns: 1161, #NonZeros: 1062315

Options ----------------------------------------------------------------------
  CLMethod=Direct, CRfun=E1, SimFun=Cosine, #Clusters: 3
  RowModel=None, ColModel=None, GrModel=SY-DIR, NNbrs=40
  Colprune=1.00, EdgePrune=-1.00, VtxPrune=-1.00, MinComponent=5
  CSType=Best, AggloFrom=0, AggloCRFun=E1, NTrials=10, NIter=10

Solution ---------------------------------------------------------------------

------------------------------------------------------------------------
3-way clustering: [E1=2.70e+05] [915 of 915]
------------------------------------------------------------------------
cid  Size  ISim  ISdev   ESim  ESdev  | 
------------------------------------------------------------------------
  0   485 +0.154 +0.030 +0.108 +0.027 | 
  1   340 +0.136 +0.029 +0.110 +0.031 | 
  2    90 +0.079 +0.034 +0.064 +0.028 | 
------------------------------------------------------------------------
--------------------------------------------------------------------------------
3-way clustering solution - Descriptive & Discriminating Features...
--------------------------------------------------------------------------------
Cluster   0, Size:   485, ISim: 0.154, ESim: 0.108
      Descriptive:  learning  7.1%, networks  5.3%, algorithm  5.1%, network  4.3%, paper  3.3% 
   Discriminating:  algorithm  7.0%, system  6.5%, processing  5.5%, neurons  3.0%, network  2.1%

Cluster   1, Size:   340, ISim: 0.136, ESim: 0.110
      Descriptive:  network 10.0%, model  6.3%, system  6.3%, networks  5.2%, processing  2.9% 
   Discriminating:  system  9.6%, learning  7.8%, algorithm  4.8%, processing  4.2%, network  4.1%

Cluster   2, Size:    90, ISim: 0.079, ESim: 0.064
      Descriptive:  learning 18.5%, recognition  8.6%, networks  7.8%, control  6.2%, image  5.4% 
   Discriminating:  learning  5.5%, network  5.2%, image  4.2%, control  4.1%, model  4.0%
--------------------------------------------------------------------------------

Timing Information -----------------------------------------------------------
   I/O:                                   0.124 sec
   Clustering:                            1.584 sec
   Reporting:                             0.064 sec
Memory Usage Information -----------------------------------------------------
   Maximum memory used:                17219584 bytes
   Current memory used:                 8623912 bytes
********************************************************************************
