********************************************************************************
vcluster (CLUTO 2.1.2) Copyright 2001-06, Regents of the University of Minnesota

Matrix Information -----------------------------------------------------------
  Name: /home/mestrada/devel/inf355/tarea1/nips/nips11.mat, #Rows: 915, #Columns: 1010, #NonZeros: 924150

Options ----------------------------------------------------------------------
  CLMethod=Direct, CRfun=E1, SimFun=Cosine, #Clusters: 5
  RowModel=None, ColModel=None, GrModel=SY-DIR, NNbrs=40
  Colprune=1.00, EdgePrune=-1.00, VtxPrune=-1.00, MinComponent=5
  CSType=Best, AggloFrom=0, AggloCRFun=E1, NTrials=10, NIter=10

Solution ---------------------------------------------------------------------

------------------------------------------------------------------------
5-way clustering: [E1=2.61e+05] [915 of 915]
------------------------------------------------------------------------
cid  Size  ISim  ISdev   ESim  ESdev  | 
------------------------------------------------------------------------
  0   284 +0.177 +0.032 +0.124 +0.028 | 
  1   132 +0.152 +0.032 +0.107 +0.035 | 
  2   212 +0.164 +0.032 +0.122 +0.032 | 
  3   194 +0.141 +0.031 +0.108 +0.033 | 
  4    93 +0.115 +0.043 +0.084 +0.037 | 
------------------------------------------------------------------------
--------------------------------------------------------------------------------
5-way clustering solution - Descriptive & Discriminating Features...
--------------------------------------------------------------------------------
Cluster   0, Size:   284, ISim: 0.177, ESim: 0.124
      Descriptive:  networks  8.0%, network  7.0%, learning  5.9%, function  3.6%, algorithm  3.3% 
   Discriminating:  model  5.7%, models  5.5%, training  4.9%, function  4.9%, recognition  3.5%

Cluster   1, Size:   132, ISim: 0.152, ESim: 0.107
      Descriptive:  recognition 17.7%, network  6.7%, image  5.5%, system  4.7%, Image  3.4% 
   Discriminating:  recognition 24.4%, image  8.5%, Image  6.0%, speech  4.8%, model  3.6%

Cluster   2, Size:   212, ISim: 0.164, ESim: 0.122
      Descriptive:  model  7.2%, models  6.8%, algorithm  5.8%, data  5.3%, learning  4.3% 
   Discriminating:  models  8.8%, data  4.9%, networks  4.7%, network  4.6%, algorithm  3.8%

Cluster   3, Size:   194, ISim: 0.141, ESim: 0.108
      Descriptive:  model  9.1%, network  6.4%, system  5.0%, networks  4.1%, processing  3.9% 
   Discriminating:  neurons  6.4%, learning  5.8%, algorithm  4.7%, model  4.3%, processing  4.1%

Cluster   4, Size:    93, ISim: 0.115, ESim: 0.084
      Descriptive:  learning 26.9%, networks 10.4%, control  6.0%, reinforcement  4.6%, neural  2.8% 
   Discriminating:  learning 14.5%, reinforcement  5.2%, control  4.8%, model  4.2%, results  2.4%
--------------------------------------------------------------------------------

Timing Information -----------------------------------------------------------
   I/O:                                   0.108 sec
   Clustering:                            2.692 sec
   Reporting:                             0.060 sec
Memory Usage Information -----------------------------------------------------
   Maximum memory used:                14979072 bytes
   Current memory used:                 7511648 bytes
********************************************************************************
