********************************************************************************
vcluster (CLUTO 2.1.2) Copyright 2001-06, Regents of the University of Minnesota

Matrix Information -----------------------------------------------------------
  Name: /home/mestrada/devel/inf355/tarea1/nips/nips09.mat, #Rows: 915, #Columns: 1161, #NonZeros: 1062315

Options ----------------------------------------------------------------------
  CLMethod=Direct, CRfun=E1, SimFun=Cosine, #Clusters: 2
  RowModel=None, ColModel=None, GrModel=SY-DIR, NNbrs=40
  Colprune=1.00, EdgePrune=-1.00, VtxPrune=-1.00, MinComponent=5
  CSType=Best, AggloFrom=0, AggloCRFun=E1, NTrials=10, NIter=10

Solution ---------------------------------------------------------------------

------------------------------------------------------------------------
2-way clustering: [E1=2.78e+05] [915 of 915]
------------------------------------------------------------------------
cid  Size  ISim  ISdev   ESim  ESdev  | 
------------------------------------------------------------------------
  0   554 +0.146 +0.033 +0.104 +0.030 | 
  1   361 +0.114 +0.034 +0.104 +0.038 | 
------------------------------------------------------------------------
--------------------------------------------------------------------------------
2-way clustering solution - Descriptive & Discriminating Features...
--------------------------------------------------------------------------------
Cluster   0, Size:   554, ISim: 0.146, ESim: 0.104
      Descriptive:  learning  8.2%, networks  5.9%, algorithm  4.7%, network  4.7%, paper  3.2% 
   Discriminating:  algorithm  6.4%, processing  6.1%, system  6.1%, learning  5.1%, recognition  3.0%

Cluster   1, Size:   361, ISim: 0.114, ESim: 0.104
      Descriptive:  network  8.1%, model  6.0%, system  5.5%, networks  5.3%, recognition  4.0% 
   Discriminating:  algorithm  6.4%, processing  6.1%, system  6.1%, learning  5.1%, recognition  3.0%
--------------------------------------------------------------------------------

Timing Information -----------------------------------------------------------
   I/O:                                   0.132 sec
   Clustering:                            0.880 sec
   Reporting:                             0.064 sec
Memory Usage Information -----------------------------------------------------
   Maximum memory used:                17211392 bytes
   Current memory used:                 8623832 bytes
********************************************************************************
