********************************************************************************
vcluster (CLUTO 2.1.2) Copyright 2001-06, Regents of the University of Minnesota

Matrix Information -----------------------------------------------------------
  Name: /home/mestrada/devel/inf355/tarea1/nips/nips01.mat, #Rows: 913, #Columns: 591, #NonZeros: 539583

Options ----------------------------------------------------------------------
  CLMethod=Direct, CRfun=E1, SimFun=Cosine, #Clusters: 4
  RowModel=None, ColModel=None, GrModel=SY-DIR, NNbrs=40
  Colprune=1.00, EdgePrune=-1.00, VtxPrune=-1.00, MinComponent=5
  CSType=Best, AggloFrom=0, AggloCRFun=E1, NTrials=10, NIter=10

Solution ---------------------------------------------------------------------

------------------------------------------------------------------------
4-way clustering: [E1=2.88e+05] [913 of 913]
------------------------------------------------------------------------
cid  Size  ISim  ISdev   ESim  ESdev  | 
------------------------------------------------------------------------
  0   387 +0.215 +0.027 +0.136 +0.035 | 
  1   262 +0.170 +0.036 +0.138 +0.036 | 
  2   200 +0.153 +0.037 +0.124 +0.038 | 
  3    64 +0.078 +0.028 +0.059 +0.028 | 
------------------------------------------------------------------------
--------------------------------------------------------------------------------
4-way clustering solution - Descriptive & Discriminating Features...
--------------------------------------------------------------------------------
Cluster   0, Size:   387, ISim: 0.215, ESim: 0.136
      Descriptive:  learning 16.3%, Learning 14.7%, networks  4.7%, network  4.3%, model  3.2% 
   Discriminating:  Learning 35.4%, learning 31.2%, system  1.7%, network  1.6%, processing  1.6%

Cluster   1, Size:   262, ISim: 0.170, ESim: 0.138
      Descriptive:  network  8.1%, networks  6.9%, paper  4.7%, results  4.1%, algorithm  3.7% 
   Discriminating:  Learning 25.8%, learning 22.0%, model  3.2%, performance  2.4%, paper  2.4%

Cluster   2, Size:   200, ISim: 0.153, ESim: 0.124
      Descriptive:  model 11.0%, network  6.2%, system  4.7%, networks  4.4%, neurons  3.4% 
   Discriminating:  Learning  9.3%, learning  8.8%, model  6.5%, neurons  5.6%, algorithm  4.3%

Cluster   3, Size:    64, ISim: 0.078, ESim: 0.059
      Descriptive:  recognition  8.9%, models  7.1%, networks  6.9%, Image  5.9%, of  5.5% 
   Discriminating:  learning  5.7%, Image  4.7%, Learning  4.1%, of  3.4%, recognition  3.1%
--------------------------------------------------------------------------------

Timing Information -----------------------------------------------------------
   I/O:                                   0.068 sec
   Clustering:                            1.260 sec
   Reporting:                             0.032 sec
Memory Usage Information -----------------------------------------------------
   Maximum memory used:                 8798208 bytes
   Current memory used:                 4414488 bytes
********************************************************************************
