********************************************************************************
vcluster (CLUTO 2.1.2) Copyright 2001-06, Regents of the University of Minnesota

Matrix Information -----------------------------------------------------------
  Name: /home/mestrada/devel/inf355/tarea1/nips/nips08.mat, #Rows: 917, #Columns: 1192, #NonZeros: 1093064

Options ----------------------------------------------------------------------
  CLMethod=Direct, CRfun=E1, SimFun=Cosine, #Clusters: 3
  RowModel=None, ColModel=None, GrModel=SY-DIR, NNbrs=40
  Colprune=1.00, EdgePrune=-1.00, VtxPrune=-1.00, MinComponent=5
  CSType=Best, AggloFrom=0, AggloCRFun=E1, NTrials=10, NIter=10

Solution ---------------------------------------------------------------------

------------------------------------------------------------------------
3-way clustering: [E1=2.69e+05] [917 of 917]
------------------------------------------------------------------------
cid  Size  ISim  ISdev   ESim  ESdev  | 
------------------------------------------------------------------------
  0   493 +0.155 +0.031 +0.106 +0.026 | 
  1   332 +0.130 +0.029 +0.107 +0.031 | 
  2    92 +0.080 +0.033 +0.064 +0.030 | 
------------------------------------------------------------------------
--------------------------------------------------------------------------------
3-way clustering solution - Descriptive & Discriminating Features...
--------------------------------------------------------------------------------
Cluster   0, Size:   493, ISim: 0.155, ESim: 0.106
      Descriptive:  learning  7.1%, networks  5.6%, algorithm  5.2%, network  4.5%, paper  3.3% 
   Discriminating:  algorithm  7.6%, system  6.5%, processing  4.8%, neurons  2.8%, recognition  2.7%

Cluster   1, Size:   332, ISim: 0.130, ESim: 0.107
      Descriptive:  network  9.3%, model  6.2%, system  6.0%, networks  4.8%, processing  2.8% 
   Discriminating:  learning  9.2%, system  8.6%, algorithm  5.4%, neurons  3.6%, processing  3.6%

Cluster   2, Size:    92, ISim: 0.080, ESim: 0.064
      Descriptive:  learning 20.0%, recognition  6.5%, control  6.4%, networks  6.4%, image  5.5% 
   Discriminating:  learning  6.8%, control  4.5%, image  4.4%, network  4.0%, model  4.0%
--------------------------------------------------------------------------------

Timing Information -----------------------------------------------------------
   I/O:                                   0.132 sec
   Clustering:                            1.768 sec
   Reporting:                             0.068 sec
Memory Usage Information -----------------------------------------------------
   Maximum memory used:                17715200 bytes
   Current memory used:                 8871112 bytes
********************************************************************************
