********************************************************************************
vcluster (CLUTO 2.1.2) Copyright 2001-06, Regents of the University of Minnesota

Matrix Information -----------------------------------------------------------
  Name: /home/mestrada/devel/inf355/tarea1/nips/nips12.mat, #Rows: 916, #Columns: 1161, #NonZeros: 1063476

Options ----------------------------------------------------------------------
  CLMethod=Direct, CRfun=E1, SimFun=Cosine, #Clusters: 3
  RowModel=None, ColModel=None, GrModel=SY-DIR, NNbrs=40
  Colprune=1.00, EdgePrune=-1.00, VtxPrune=-1.00, MinComponent=5
  CSType=Best, AggloFrom=0, AggloCRFun=E1, NTrials=10, NIter=10

Solution ---------------------------------------------------------------------

------------------------------------------------------------------------
3-way clustering: [E1=2.71e+05] [916 of 916]
------------------------------------------------------------------------
cid  Size  ISim  ISdev   ESim  ESdev  | 
------------------------------------------------------------------------
  0   481 +0.157 +0.031 +0.109 +0.027 | 
  1   341 +0.135 +0.030 +0.110 +0.032 | 
  2    94 +0.083 +0.038 +0.067 +0.030 | 
------------------------------------------------------------------------
--------------------------------------------------------------------------------
3-way clustering solution - Descriptive & Discriminating Features...
--------------------------------------------------------------------------------
Cluster   0, Size:   481, ISim: 0.157, ESim: 0.109
      Descriptive:  learning  7.4%, networks  5.7%, algorithm  5.4%, network  4.4%, paper  3.4% 
   Discriminating:  algorithm  8.4%, system  6.3%, processing  5.7%, neurons  2.9%, recognition  2.9%

Cluster   1, Size:   341, ISim: 0.135, ESim: 0.110
      Descriptive:  network 10.0%, model  6.7%, system  6.1%, networks  4.9%, processing  2.9% 
   Discriminating:  learning 10.5%, system  8.5%, algorithm  5.5%, processing  3.9%, network  3.8%

Cluster   2, Size:    94, ISim: 0.083, ESim: 0.067
      Descriptive:  learning 24.0%, control  8.3%, networks  7.3%, recognition  7.2%, image  5.4% 
   Discriminating:  learning  9.7%, control  6.3%, model  4.4%, network  4.3%, image  4.2%
--------------------------------------------------------------------------------

Timing Information -----------------------------------------------------------
   I/O:                                   0.124 sec
   Clustering:                            1.676 sec
   Reporting:                             0.064 sec
Memory Usage Information -----------------------------------------------------
   Maximum memory used:                17235968 bytes
   Current memory used:                 8632096 bytes
********************************************************************************
