********************************************************************************
vcluster (CLUTO 2.1.2) Copyright 2001-06, Regents of the University of Minnesota

Matrix Information -----------------------------------------------------------
  Name: /home/mestrada/devel/inf355/tarea1/nips/nips00.mat, #Rows: 824, #Columns: 508, #NonZeros: 418592

Options ----------------------------------------------------------------------
  CLMethod=Direct, CRfun=E1, SimFun=Cosine, #Clusters: 2
  RowModel=None, ColModel=None, GrModel=SY-DIR, NNbrs=40
  Colprune=1.00, EdgePrune=-1.00, VtxPrune=-1.00, MinComponent=5
  CSType=Best, AggloFrom=0, AggloCRFun=E1, NTrials=10, NIter=10

Solution ---------------------------------------------------------------------

------------------------------------------------------------------------
2-way clustering: [E1=2.49e+05] [824 of 824]
------------------------------------------------------------------------
cid  Size  ISim  ISdev   ESim  ESdev  | 
------------------------------------------------------------------------
  0   471 +0.176 +0.039 +0.130 +0.036 | 
  1   353 +0.142 +0.034 +0.130 +0.039 | 
------------------------------------------------------------------------
--------------------------------------------------------------------------------
2-way clustering solution - Descriptive & Discriminating Features...
--------------------------------------------------------------------------------
Cluster   0, Size:   471, ISim: 0.176, ESim: 0.130
      Descriptive:  algorithm  6.9%, networks  4.9%, network  4.8%, paper  4.7%, results  3.8% 
   Discriminating:  algorithm 10.5%, system  9.3%, network  4.2%, neurons  4.2%, learning  3.6%

Cluster   1, Size:   353, ISim: 0.142, ESim: 0.130
      Descriptive:  network 11.8%, model  8.1%, system  7.2%, networks  3.8%, input  2.7% 
   Discriminating:  algorithm 10.5%, system  9.3%, network  4.2%, neurons  4.2%, learning  3.6%
--------------------------------------------------------------------------------

Timing Information -----------------------------------------------------------
   I/O:                                   0.060 sec
   Clustering:                            0.364 sec
   Reporting:                             0.024 sec
Memory Usage Information -----------------------------------------------------
   Maximum memory used:                 6844416 bytes
   Current memory used:                 3437280 bytes
********************************************************************************
