********************************************************************************
vcluster (CLUTO 2.1.2) Copyright 2001-06, Regents of the University of Minnesota

Matrix Information -----------------------------------------------------------
  Name: /home/mestrada/devel/inf355/tarea1/nips/nips04.mat, #Rows: 916, #Columns: 942, #NonZeros: 862872

Options ----------------------------------------------------------------------
  CLMethod=Direct, CRfun=E1, SimFun=Cosine, #Clusters: 4
  RowModel=None, ColModel=None, GrModel=SY-DIR, NNbrs=40
  Colprune=1.00, EdgePrune=-1.00, VtxPrune=-1.00, MinComponent=5
  CSType=Best, AggloFrom=0, AggloCRFun=E1, NTrials=10, NIter=10

Solution ---------------------------------------------------------------------

------------------------------------------------------------------------
4-way clustering: [E1=2.69e+05] [916 of 916]
------------------------------------------------------------------------
cid  Size  ISim  ISdev   ESim  ESdev  | 
------------------------------------------------------------------------
  0   445 +0.171 +0.033 +0.115 +0.027 | 
  1   165 +0.160 +0.030 +0.116 +0.035 | 
  2   229 +0.133 +0.031 +0.108 +0.032 | 
  3    77 +0.087 +0.033 +0.066 +0.032 | 
------------------------------------------------------------------------
--------------------------------------------------------------------------------
4-way clustering solution - Descriptive & Discriminating Features...
--------------------------------------------------------------------------------
Cluster   0, Size:   445, ISim: 0.171, ESim: 0.115
      Descriptive:  learning  7.2%, networks  5.4%, algorithm  4.9%, network  4.7%, paper  3.5% 
   Discriminating:  recognition  8.5%, system  6.5%, algorithm  5.5%, processing  4.1%, speech  2.6%

Cluster   1, Size:   165, ISim: 0.160, ESim: 0.116
      Descriptive:  recognition 18.1%, network  6.2%, speech  4.0%, system  3.8%, performance  3.2% 
   Discriminating:  recognition 35.0%, speech  8.3%, learning  2.6%, function  1.9%, model  1.8%

Cluster   2, Size:   229, ISim: 0.133, ESim: 0.108
      Descriptive:  model  8.3%, network  7.5%, networks  5.8%, system  5.1%, processing  4.0% 
   Discriminating:  learning  6.3%, algorithm  5.9%, processing  4.7%, neurons  4.6%, model  3.6%

Cluster   3, Size:    77, ISim: 0.087, ESim: 0.066
      Descriptive:  learning 22.1%, networks  8.5%, control  7.4%, of  3.5%, functions  3.4% 
   Discriminating:  learning  7.6%, control  5.1%, model  4.1%, data  3.2%, paper  3.1%
--------------------------------------------------------------------------------

Timing Information -----------------------------------------------------------
   I/O:                                   0.100 sec
   Clustering:                            1.968 sec
   Reporting:                             0.052 sec
Memory Usage Information -----------------------------------------------------
   Maximum memory used:                13991936 bytes
   Current memory used:                 7017776 bytes
********************************************************************************
