********************************************************************************
vcluster (CLUTO 2.1.2) Copyright 2001-06, Regents of the University of Minnesota

Matrix Information -----------------------------------------------------------
  Name: /home/mestrada/devel/inf355/tarea1/nips/nips08.mat, #Rows: 917, #Columns: 1192, #NonZeros: 1093064

Options ----------------------------------------------------------------------
  CLMethod=Direct, CRfun=E1, SimFun=Cosine, #Clusters: 2
  RowModel=None, ColModel=None, GrModel=SY-DIR, NNbrs=40
  Colprune=1.00, EdgePrune=-1.00, VtxPrune=-1.00, MinComponent=5
  CSType=Best, AggloFrom=0, AggloCRFun=E1, NTrials=10, NIter=10

Solution ---------------------------------------------------------------------

------------------------------------------------------------------------
2-way clustering: [E1=2.77e+05] [917 of 917]
------------------------------------------------------------------------
cid  Size  ISim  ISdev   ESim  ESdev  | 
------------------------------------------------------------------------
  0   557 +0.146 +0.033 +0.102 +0.029 | 
  1   360 +0.109 +0.033 +0.102 +0.038 | 
------------------------------------------------------------------------
--------------------------------------------------------------------------------
2-way clustering solution - Descriptive & Discriminating Features...
--------------------------------------------------------------------------------
Cluster   0, Size:   557, ISim: 0.146, ESim: 0.102
      Descriptive:  learning  8.2%, networks  6.0%, network  4.9%, algorithm  4.6%, paper  3.2% 
   Discriminating:  processing  6.1%, algorithm  5.7%, system  5.3%, learning  5.2%, neurons  2.6%

Cluster   1, Size:   360, ISim: 0.109, ESim: 0.102
      Descriptive:  network  7.4%, model  5.7%, system  5.2%, networks  5.0%, processing  3.8% 
   Discriminating:  processing  6.1%, algorithm  5.7%, system  5.3%, learning  5.2%, neurons  2.6%
--------------------------------------------------------------------------------

Timing Information -----------------------------------------------------------
   I/O:                                   0.132 sec
   Clustering:                            0.884 sec
   Reporting:                             0.064 sec
Memory Usage Information -----------------------------------------------------
   Maximum memory used:                17707008 bytes
   Current memory used:                 8871032 bytes
********************************************************************************
