********************************************************************************
vcluster (CLUTO 2.1.2) Copyright 2001-06, Regents of the University of Minnesota

Matrix Information -----------------------------------------------------------
  Name: /home/mestrada/devel/inf355/tarea1/nips/nips09.mat, #Rows: 915, #Columns: 1161, #NonZeros: 1062315

Options ----------------------------------------------------------------------
  CLMethod=Direct, CRfun=E1, SimFun=Cosine, #Clusters: 5
  RowModel=None, ColModel=None, GrModel=SY-DIR, NNbrs=40
  Colprune=1.00, EdgePrune=-1.00, VtxPrune=-1.00, MinComponent=5
  CSType=Best, AggloFrom=0, AggloCRFun=E1, NTrials=10, NIter=10

Solution ---------------------------------------------------------------------

------------------------------------------------------------------------
5-way clustering: [E1=2.59e+05] [915 of 915]
------------------------------------------------------------------------
cid  Size  ISim  ISdev   ESim  ESdev  | 
------------------------------------------------------------------------
  0   254 +0.171 +0.031 +0.122 +0.030 | 
  1   227 +0.164 +0.028 +0.120 +0.026 | 
  2   142 +0.149 +0.032 +0.107 +0.035 | 
  3   207 +0.138 +0.031 +0.106 +0.032 | 
  4    85 +0.108 +0.041 +0.078 +0.035 | 
------------------------------------------------------------------------
--------------------------------------------------------------------------------
5-way clustering solution - Descriptive & Discriminating Features...
--------------------------------------------------------------------------------
Cluster   0, Size:   254, ISim: 0.171, ESim: 0.122
      Descriptive:  model  5.5%, learning  5.1%, algorithm  4.9%, data  4.7%, models  4.5% 
   Discriminating:  networks  6.1%, network  6.1%, data  4.9%, system  4.3%, models  4.2%

Cluster   1, Size:   227, ISim: 0.164, ESim: 0.120
      Descriptive:  networks 11.6%, network  9.1%, learning  6.2%, function  3.6%, algorithm  3.3% 
   Discriminating:  networks  7.1%, models  6.6%, model  6.4%, recognition  4.4%, training  3.8%

Cluster   2, Size:   142, ISim: 0.149, ESim: 0.107
      Descriptive:  recognition 20.2%, network  5.3%, speech  4.8%, system  3.8%, image  3.6% 
   Discriminating:  recognition 32.8%, speech  8.5%, image  4.8%, learning  2.4%, networks  2.2%

Cluster   3, Size:   207, ISim: 0.138, ESim: 0.106
      Descriptive:  model  9.1%, network  6.5%, system  5.0%, networks  3.9%, neurons  3.8% 
   Discriminating:  neurons  6.7%, algorithm  5.4%, learning  5.2%, model  4.6%, processing  3.7%

Cluster   4, Size:    85, ISim: 0.108, ESim: 0.078
      Descriptive:  learning 24.2%, control 10.2%, networks  6.7%, reinforcement  5.5%, VLSI  2.7% 
   Discriminating:  learning 11.1%, control  9.5%, reinforcement  5.9%, model  4.3%, data  2.9%
--------------------------------------------------------------------------------

Timing Information -----------------------------------------------------------
   I/O:                                   0.124 sec
   Clustering:                            3.200 sec
   Reporting:                             0.064 sec
Memory Usage Information -----------------------------------------------------
   Maximum memory used:                17235968 bytes
   Current memory used:                 8624080 bytes
********************************************************************************
