********************************************************************************
vcluster (CLUTO 2.1.2) Copyright 2001-06, Regents of the University of Minnesota

Matrix Information -----------------------------------------------------------
  Name: /home/mestrada/devel/inf355/tarea1/nips/nips03.mat, #Rows: 913, #Columns: 911, #NonZeros: 831743

Options ----------------------------------------------------------------------
  CLMethod=Direct, CRfun=E1, SimFun=Cosine, #Clusters: 3
  RowModel=None, ColModel=None, GrModel=SY-DIR, NNbrs=40
  Colprune=1.00, EdgePrune=-1.00, VtxPrune=-1.00, MinComponent=5
  CSType=Best, AggloFrom=0, AggloCRFun=E1, NTrials=10, NIter=10

Solution ---------------------------------------------------------------------

------------------------------------------------------------------------
3-way clustering: [E1=2.75e+05] [913 of 913]
------------------------------------------------------------------------
cid  Size  ISim  ISdev   ESim  ESdev  | 
------------------------------------------------------------------------
  0   342 +0.177 +0.031 +0.120 +0.033 | 
  1   353 +0.153 +0.036 +0.122 +0.036 | 
  2   218 +0.104 +0.034 +0.096 +0.037 | 
------------------------------------------------------------------------
--------------------------------------------------------------------------------
3-way clustering solution - Descriptive & Discriminating Features...
--------------------------------------------------------------------------------
Cluster   0, Size:   342, ISim: 0.177, ESim: 0.120
      Descriptive:  learning 15.7%, Learning 14.2%, networks  4.4%, network  3.6%, algorithm  3.2% 
   Discriminating:  Learning 27.3%, learning 23.9%, recognition  3.0%, reinforcement  2.5%, Reinforcement  2.4%

Cluster   1, Size:   353, ISim: 0.153, ESim: 0.122
      Descriptive:  network  6.8%, networks  5.1%, recognition  3.9%, paper  3.7%, algorithm  3.6% 
   Discriminating:  Learning 18.1%, learning 15.4%, recognition  5.9%, performance  2.3%, speech  2.2%

Cluster   2, Size:   218, ISim: 0.104, ESim: 0.096
      Descriptive:  model  7.3%, networks  6.2%, network  5.6%, system  4.7%, processing  4.5% 
   Discriminating:  learning  8.8%, Learning  8.7%, processing  4.8%, algorithm  4.5%, neurons  3.3%
--------------------------------------------------------------------------------

Timing Information -----------------------------------------------------------
   I/O:                                   0.104 sec
   Clustering:                            1.284 sec
   Reporting:                             0.048 sec
Memory Usage Information -----------------------------------------------------
   Maximum memory used:                13492224 bytes
   Current memory used:                 6770408 bytes
********************************************************************************
