********************************************************************************
vcluster (CLUTO 2.1.2) Copyright 2001-06, Regents of the University of Minnesota

Matrix Information -----------------------------------------------------------
  Name: /home/mestrada/devel/inf355/tarea1/nips/nips03.mat, #Rows: 913, #Columns: 911, #NonZeros: 831743

Options ----------------------------------------------------------------------
  CLMethod=Direct, CRfun=E1, SimFun=Cosine, #Clusters: 2
  RowModel=None, ColModel=None, GrModel=SY-DIR, NNbrs=40
  Colprune=1.00, EdgePrune=-1.00, VtxPrune=-1.00, MinComponent=5
  CSType=Best, AggloFrom=0, AggloCRFun=E1, NTrials=10, NIter=10

Solution ---------------------------------------------------------------------

------------------------------------------------------------------------
2-way clustering: [E1=2.83e+05] [913 of 913]
------------------------------------------------------------------------
cid  Size  ISim  ISdev   ESim  ESdev  | 
------------------------------------------------------------------------
  0   545 +0.163 +0.036 +0.108 +0.033 | 
  1   368 +0.112 +0.034 +0.108 +0.040 | 
------------------------------------------------------------------------
--------------------------------------------------------------------------------
2-way clustering solution - Descriptive & Discriminating Features...
--------------------------------------------------------------------------------
Cluster   0, Size:   545, ISim: 0.163, ESim: 0.108
      Descriptive:  learning 10.3%, Learning  8.3%, networks  4.7%, network  4.3%, algorithm  4.1% 
   Discriminating:  learning 17.6%, Learning 16.5%, system  4.4%, processing  3.6%, algorithm  3.3%

Cluster   1, Size:   368, ISim: 0.112, ESim: 0.108
      Descriptive:  network  7.7%, networks  6.4%, model  4.9%, system  4.8%, recognition  3.0% 
   Discriminating:  learning 17.6%, Learning 16.5%, system  4.4%, processing  3.6%, algorithm  3.3%
--------------------------------------------------------------------------------

Timing Information -----------------------------------------------------------
   I/O:                                   0.104 sec
   Clustering:                            0.648 sec
   Reporting:                             0.052 sec
Memory Usage Information -----------------------------------------------------
   Maximum memory used:                13488128 bytes
   Current memory used:                 6770328 bytes
********************************************************************************
