********************************************************************************
vcluster (CLUTO 2.1.2) Copyright 2001-06, Regents of the University of Minnesota

Matrix Information -----------------------------------------------------------
  Name: /home/mestrada/devel/inf355/tarea1/nips/nips04.mat, #Rows: 916, #Columns: 942, #NonZeros: 862872

Options ----------------------------------------------------------------------
  CLMethod=Direct, CRfun=E1, SimFun=Cosine, #Clusters: 5
  RowModel=None, ColModel=None, GrModel=SY-DIR, NNbrs=40
  Colprune=1.00, EdgePrune=-1.00, VtxPrune=-1.00, MinComponent=5
  CSType=Best, AggloFrom=0, AggloCRFun=E1, NTrials=10, NIter=10

Solution ---------------------------------------------------------------------

------------------------------------------------------------------------
5-way clustering: [E1=2.64e+05] [916 of 916]
------------------------------------------------------------------------
cid  Size  ISim  ISdev   ESim  ESdev  | 
------------------------------------------------------------------------
  0   311 +0.180 +0.032 +0.126 +0.028 | 
  1   130 +0.158 +0.030 +0.111 +0.035 | 
  2   198 +0.167 +0.034 +0.124 +0.032 | 
  3   209 +0.140 +0.031 +0.110 +0.033 | 
  4    68 +0.090 +0.035 +0.063 +0.032 | 
------------------------------------------------------------------------
--------------------------------------------------------------------------------
5-way clustering solution - Descriptive & Discriminating Features...
--------------------------------------------------------------------------------
Cluster   0, Size:   311, ISim: 0.180, ESim: 0.126
      Descriptive:  networks  7.6%, learning  7.1%, network  6.8%, algorithm  3.5%, paper  3.3% 
   Discriminating:  model  6.6%, models  5.5%, recognition  5.4%, function  4.1%, processing  3.2%

Cluster   1, Size:   130, ISim: 0.158, ESim: 0.111
      Descriptive:  recognition 20.8%, network  6.1%, speech  4.3%, performance  3.8%, system  3.6% 
   Discriminating:  recognition 33.1%, speech  7.0%, model  2.7%, networks  2.6%, character  1.8%

Cluster   2, Size:   198, ISim: 0.167, ESim: 0.124
      Descriptive:  models  8.0%, model  7.5%, data  5.8%, algorithm  5.8%, learning  4.5% 
   Discriminating:  models 11.6%, data  5.5%, network  5.1%, system  4.0%, model  3.4%

Cluster   3, Size:   209, ISim: 0.140, ESim: 0.110
      Descriptive:  model  8.3%, network  7.2%, system  5.4%, networks  4.6%, processing  4.6% 
   Discriminating:  processing  5.8%, algorithm  5.3%, neurons  5.3%, learning  4.7%, system  3.7%

Cluster   4, Size:    68, ISim: 0.090, ESim: 0.063
      Descriptive:  learning 20.0%, control 10.9%, networks  8.1%, of  4.1%, reinforcement  3.9% 
   Discriminating:  control  8.0%, learning  5.6%, network  5.2%, model  4.9%, reinforcement  2.9%
--------------------------------------------------------------------------------

Timing Information -----------------------------------------------------------
   I/O:                                   0.108 sec
   Clustering:                            2.604 sec
   Reporting:                             0.052 sec
Memory Usage Information -----------------------------------------------------
   Maximum memory used:                13996032 bytes
   Current memory used:                 7017864 bytes
********************************************************************************
