********************************************************************************
vcluster (CLUTO 2.1.2) Copyright 2001-06, Regents of the University of Minnesota

Matrix Information -----------------------------------------------------------
  Name: /home/mestrada/devel/inf355/tarea1/nips/nips02.mat, #Rows: 915, #Columns: 681, #NonZeros: 623115

Options ----------------------------------------------------------------------
  CLMethod=Direct, CRfun=I1, SimFun=Cosine, #Clusters: 5
  RowModel=None, ColModel=None, GrModel=SY-DIR, NNbrs=40
  Colprune=1.00, EdgePrune=-1.00, VtxPrune=-1.00, MinComponent=5
  CSType=Best, AggloFrom=0, AggloCRFun=I1, NTrials=10, NIter=10

Solution ---------------------------------------------------------------------

------------------------------------------------------------------------
5-way clustering: [I1=1.62e+02] [915 of 915]
------------------------------------------------------------------------
cid  Size  ISim  ISdev   ESim  ESdev  | 
------------------------------------------------------------------------
  0   123 +0.205 +0.035 +0.128 +0.032 | 
  1   245 +0.206 +0.036 +0.145 +0.033 | 
  2   132 +0.186 +0.032 +0.127 +0.039 | 
  3   187 +0.202 +0.034 +0.144 +0.034 | 
  4   228 +0.107 +0.037 +0.105 +0.040 | 
------------------------------------------------------------------------
--------------------------------------------------------------------------------
5-way clustering solution - Descriptive & Discriminating Features...
--------------------------------------------------------------------------------
Cluster   0, Size:   123, ISim: 0.205, ESim: 0.128
      Descriptive:  learning 23.2%, Learning 23.2%, reinforcement  3.7%, Reinforcement  3.6%, networks  3.5% 
   Discriminating:  Learning 22.2%, learning 17.5%, Reinforcement  6.1%, reinforcement  5.8%, data  2.4%

Cluster   1, Size:   245, ISim: 0.206, ESim: 0.145
      Descriptive:  networks  8.6%, network  7.7%, learning  5.6%, Learning  3.7%, algorithm  3.3% 
   Discriminating:  models  7.8%, training  5.5%, model  5.3%, recognition  3.8%, networks  3.2%

Cluster   2, Size:   132, ISim: 0.186, ESim: 0.127
      Descriptive:  recognition 15.7%, network  6.2%, speech  5.2%, performance  4.3%, system  4.2% 
   Discriminating:  recognition 23.7%, speech  9.7%, learning  6.7%, Learning  6.5%, Speech  5.7%

Cluster   3, Size:   187, ISim: 0.202, ESim: 0.144
      Descriptive:  model  7.3%, data  6.8%, algorithm  6.3%, models  5.8%, learning  5.2% 
   Discriminating:  data  9.1%, network  6.4%, models  6.4%, algorithm  4.9%, system  4.7%

Cluster   4, Size:   228, ISim: 0.107, ESim: 0.105
      Descriptive:  model  6.7%, networks  6.6%, network  5.9%, system  5.1%, processing  3.9% 
   Discriminating:  learning 11.1%, Learning 10.4%, algorithm  6.2%, processing  4.0%, neurons  3.3%
--------------------------------------------------------------------------------

Timing Information -----------------------------------------------------------
   I/O:                                   0.072 sec
   Clustering:                            0.776 sec
   Reporting:                             0.036 sec
Memory Usage Information -----------------------------------------------------
   Maximum memory used:                10149888 bytes
   Current memory used:                 5090160 bytes
********************************************************************************
