********************************************************************************
vcluster (CLUTO 2.1.2) Copyright 2001-06, Regents of the University of Minnesota

Matrix Information -----------------------------------------------------------
  Name: /home/mestrada/devel/inf355/tarea1/nips/nips12.mat, #Rows: 916, #Columns: 1161, #NonZeros: 1063476

Options ----------------------------------------------------------------------
  CLMethod=Direct, CRfun=I1, SimFun=Cosine, #Clusters: 5
  RowModel=None, ColModel=None, GrModel=SY-DIR, NNbrs=40
  Colprune=1.00, EdgePrune=-1.00, VtxPrune=-1.00, MinComponent=5
  CSType=Best, AggloFrom=0, AggloCRFun=I1, NTrials=10, NIter=10

Solution ---------------------------------------------------------------------

------------------------------------------------------------------------
5-way clustering: [I1=1.42e+02] [916 of 916]
------------------------------------------------------------------------
cid  Size  ISim  ISdev   ESim  ESdev  | 
------------------------------------------------------------------------
  0    79 +0.203 +0.038 +0.112 +0.036 | 
  1   141 +0.171 +0.028 +0.115 +0.035 | 
  2   211 +0.164 +0.032 +0.120 +0.029 | 
  3   234 +0.166 +0.035 +0.122 +0.033 | 
  4   251 +0.112 +0.035 +0.100 +0.037 | 
------------------------------------------------------------------------
--------------------------------------------------------------------------------
5-way clustering solution - Descriptive & Discriminating Features...
--------------------------------------------------------------------------------
Cluster   0, Size:    79, ISim: 0.203, ESim: 0.112
      Descriptive:  learning 22.0%, control  9.3%, reinforcement  9.1%, networks  3.2%, decision  2.6% 
   Discriminating:  reinforcement 13.6%, learning 10.9%, control 10.1%, decision  3.0%, recognition  2.4%

Cluster   1, Size:   141, ISim: 0.171, ESim: 0.115
      Descriptive:  recognition 21.9%, network  5.5%, speech  5.5%, system  4.2%, performance  2.7% 
   Discriminating:  recognition 40.0%, speech 11.3%, learning  3.2%, networks  2.6%, function  1.6%

Cluster   2, Size:   211, ISim: 0.164, ESim: 0.120
      Descriptive:  networks 13.7%, network  8.2%, learning  6.2%, training  3.5%, functions  3.3% 
   Discriminating:  networks 10.2%, model  6.9%, models  5.7%, training  4.6%, recognition  4.4%

Cluster   3, Size:   234, ISim: 0.166, ESim: 0.122
      Descriptive:  algorithm  5.7%, data  5.1%, model  5.1%, learning  4.7%, models  3.9% 
   Discriminating:  network  7.0%, networks  6.8%, data  5.6%, system  5.2%, algorithm  4.4%

Cluster   4, Size:   251, ISim: 0.112, ESim: 0.100
      Descriptive:  network  7.8%, model  7.7%, networks  4.9%, system  4.4%, processing  4.3% 
   Discriminating:  algorithm  5.7%, processing  5.4%, neurons  4.7%, recognition  3.4%, learning  3.3%
--------------------------------------------------------------------------------

Timing Information -----------------------------------------------------------
   I/O:                                   0.132 sec
   Clustering:                            1.356 sec
   Reporting:                             0.064 sec
Memory Usage Information -----------------------------------------------------
   Maximum memory used:                17252352 bytes
   Current memory used:                 8632264 bytes
********************************************************************************
