********************************************************************************
vcluster (CLUTO 2.1.2) Copyright 2001-06, Regents of the University of Minnesota

Matrix Information -----------------------------------------------------------
  Name: /home/mestrada/devel/inf355/tarea1/nips/nips09.mat, #Rows: 916, #Columns: 1161, #NonZeros: 1063476

Options ----------------------------------------------------------------------
  CLMethod=Direct, CRfun=I1, SimFun=Cosine, #Clusters: 5
  RowModel=None, ColModel=None, GrModel=SY-DIR, NNbrs=40
  Colprune=1.00, EdgePrune=-1.00, VtxPrune=-1.00, MinComponent=5
  CSType=Best, AggloFrom=0, AggloCRFun=I1, NTrials=10, NIter=10

Solution ---------------------------------------------------------------------

------------------------------------------------------------------------
5-way clustering: [I1=1.40e+02] [916 of 916]
------------------------------------------------------------------------
cid  Size  ISim  ISdev   ESim  ESdev  | 
------------------------------------------------------------------------
  0    78 +0.185 +0.046 +0.107 +0.038 | 
  1   138 +0.169 +0.027 +0.114 +0.034 | 
  2   223 +0.164 +0.033 +0.120 +0.032 | 
  3   233 +0.158 +0.032 +0.118 +0.030 | 
  4   244 +0.118 +0.035 +0.101 +0.037 | 
------------------------------------------------------------------------
--------------------------------------------------------------------------------
5-way clustering solution - Descriptive & Discriminating Features...
--------------------------------------------------------------------------------
Cluster   0, Size:    78, ISim: 0.185, ESim: 0.107
      Descriptive:  learning 19.4%, control  9.9%, reinforcement  9.7%, networks  3.3%, decision  3.0% 
   Discriminating:  reinforcement 14.6%, control 11.0%, learning  8.5%, decision  3.6%, model  2.7%

Cluster   1, Size:   138, ISim: 0.169, ESim: 0.114
      Descriptive:  recognition 21.0%, network  5.8%, speech  5.7%, system  4.4%, performance  2.6% 
   Discriminating:  recognition 37.2%, speech 11.6%, learning  2.6%, networks  2.4%, system  1.7%

Cluster   2, Size:   223, ISim: 0.164, ESim: 0.120
      Descriptive:  data  6.0%, algorithm  5.5%, model  4.4%, models  4.4%, learning  4.3% 
   Discriminating:  data  7.5%, system  5.2%, network  5.0%, networks  4.7%, algorithm  3.8%

Cluster   3, Size:   233, ISim: 0.158, ESim: 0.118
      Descriptive:  networks 11.4%, network  7.4%, learning  6.9%, function  3.8%, functions  3.3% 
   Discriminating:  networks  6.6%, models  5.7%, recognition  5.6%, functions  4.1%, function  4.0%

Cluster   4, Size:   244, ISim: 0.118, ESim: 0.101
      Descriptive:  model  7.4%, network  6.9%, networks  4.8%, processing  4.7%, system  4.6% 
   Discriminating:  processing  6.3%, algorithm  5.4%, neurons  4.6%, learning  4.0%, recognition  2.9%
--------------------------------------------------------------------------------

Timing Information -----------------------------------------------------------
   I/O:                                   0.124 sec
   Clustering:                            1.364 sec
   Reporting:                             0.064 sec
Memory Usage Information -----------------------------------------------------
   Maximum memory used:                17252352 bytes
   Current memory used:                 8632328 bytes
********************************************************************************
