********************************************************************************
vcluster (CLUTO 2.1.2) Copyright 2001-06, Regents of the University of Minnesota

Matrix Information -----------------------------------------------------------
  Name: /home/mestrada/devel/inf355/tarea1/nips/nips10.mat, #Rows: 918, #Columns: 918, #NonZeros: 842724

Options ----------------------------------------------------------------------
  CLMethod=Direct, CRfun=I1, SimFun=Cosine, #Clusters: 5
  RowModel=None, ColModel=None, GrModel=SY-DIR, NNbrs=40
  Colprune=1.00, EdgePrune=-1.00, VtxPrune=-1.00, MinComponent=5
  CSType=Best, AggloFrom=0, AggloCRFun=I1, NTrials=10, NIter=10

Solution ---------------------------------------------------------------------

------------------------------------------------------------------------
5-way clustering: [I1=1.46e+02] [918 of 918]
------------------------------------------------------------------------
cid  Size  ISim  ISdev   ESim  ESdev  | 
------------------------------------------------------------------------
  0    88 +0.208 +0.036 +0.122 +0.033 | 
  1   141 +0.165 +0.030 +0.115 +0.036 | 
  2   247 +0.176 +0.036 +0.128 +0.034 | 
  3   201 +0.170 +0.035 +0.124 +0.031 | 
  4   241 +0.112 +0.036 +0.101 +0.039 | 
------------------------------------------------------------------------
--------------------------------------------------------------------------------
5-way clustering solution - Descriptive & Discriminating Features...
--------------------------------------------------------------------------------
Cluster   0, Size:    88, ISim: 0.208, ESim: 0.122
      Descriptive:  learning 20.7%, reinforcement  8.7%, control  4.7%, networks  3.2%, algorithm  2.8% 
   Discriminating:  reinforcement 15.6%, learning 11.8%, control  4.5%, decision  3.2%, programming  2.9%

Cluster   1, Size:   141, ISim: 0.165, ESim: 0.115
      Descriptive:  recognition 21.0%, network  5.7%, speech  5.0%, system  4.2%, performance  3.4% 
   Discriminating:  recognition 36.9%, speech  9.6%, networks  2.6%, learning  2.2%, character  1.7%

Cluster   2, Size:   247, ISim: 0.176, ESim: 0.128
      Descriptive:  model  4.9%, data  4.9%, algorithm  4.5%, learning  4.4%, models  4.0% 
   Discriminating:  network  5.8%, data  5.6%, networks  5.5%, system  5.0%, analysis  3.5%

Cluster   3, Size:   201, ISim: 0.170, ESim: 0.124
      Descriptive:  networks 13.2%, network  8.3%, learning  6.1%, training  3.8%, algorithm  3.7% 
   Discriminating:  networks  8.5%, models  6.5%, training  6.1%, model  5.6%, recognition  4.8%

Cluster   4, Size:   241, ISim: 0.112, ESim: 0.101
      Descriptive:  model  8.0%, network  7.3%, networks  5.0%, system  4.7%, processing  4.4% 
   Discriminating:  algorithm  6.1%, processing  5.1%, learning  3.9%, neurons  3.7%, model  2.9%
--------------------------------------------------------------------------------

Timing Information -----------------------------------------------------------
   I/O:                                   0.108 sec
   Clustering:                            1.040 sec
   Reporting:                             0.052 sec
Memory Usage Information -----------------------------------------------------
   Maximum memory used:                13664256 bytes
   Current memory used:                 6853144 bytes
********************************************************************************
