********************************************************************************
vcluster (CLUTO 2.1.2) Copyright 2001-06, Regents of the University of Minnesota

Matrix Information -----------------------------------------------------------
  Name: /home/mestrada/devel/inf355/tarea1/nips/nips08.mat, #Rows: 918, #Columns: 1192, #NonZeros: 1094256

Options ----------------------------------------------------------------------
  CLMethod=Direct, CRfun=I1, SimFun=Cosine, #Clusters: 5
  RowModel=None, ColModel=None, GrModel=SY-DIR, NNbrs=40
  Colprune=1.00, EdgePrune=-1.00, VtxPrune=-1.00, MinComponent=5
  CSType=Best, AggloFrom=0, AggloCRFun=I1, NTrials=10, NIter=10

Solution ---------------------------------------------------------------------

------------------------------------------------------------------------
5-way clustering: [I1=1.38e+02] [918 of 918]
------------------------------------------------------------------------
cid  Size  ISim  ISdev   ESim  ESdev  | 
------------------------------------------------------------------------
  0   135 +0.164 +0.025 +0.110 +0.033 | 
  1   253 +0.170 +0.031 +0.121 +0.028 | 
  2   174 +0.163 +0.037 +0.118 +0.034 | 
  3   109 +0.139 +0.042 +0.097 +0.039 | 
  4   247 +0.121 +0.033 +0.101 +0.035 | 
------------------------------------------------------------------------
--------------------------------------------------------------------------------
5-way clustering solution - Descriptive & Discriminating Features...
--------------------------------------------------------------------------------
Cluster   0, Size:   135, ISim: 0.164, ESim: 0.110
      Descriptive:  recognition 22.0%, network  4.9%, speech  4.9%, system  4.0%, learning  2.9% 
   Discriminating:  recognition 38.1%, speech  8.9%, networks  2.4%, character  1.8%, pattern  1.7%

Cluster   1, Size:   253, ISim: 0.170, ESim: 0.121
      Descriptive:  networks  8.1%, network  8.1%, learning  5.0%, results  3.1%, training  2.9% 
   Discriminating:  models  5.4%, model  5.3%, recognition  4.6%, training  4.3%, number  3.1%

Cluster   2, Size:   174, ISim: 0.163, ESim: 0.118
      Descriptive:  data  6.2%, model  6.0%, models  5.8%, algorithm  5.7%, learning  4.7% 
   Discriminating:  data  6.1%, network  5.1%, models  5.0%, mixture  4.2%, system  4.2%

Cluster   3, Size:   109, ISim: 0.139, ESim: 0.097
      Descriptive:  learning 21.3%, networks  8.4%, reinforcement  6.1%, control  5.8%, functions  3.4% 
   Discriminating:  learning 12.1%, reinforcement  9.4%, control  6.0%, model  3.8%, recognition  3.1%

Cluster   4, Size:   247, ISim: 0.121, ESim: 0.101
      Descriptive:  model  7.5%, network  6.6%, system  4.7%, processing  4.3%, networks  4.1% 
   Discriminating:  processing  5.7%, neurons  5.3%, learning  4.8%, algorithm  4.7%, cells  2.9%
--------------------------------------------------------------------------------

Timing Information -----------------------------------------------------------
   I/O:                                   0.132 sec
   Clustering:                            1.400 sec
   Reporting:                             0.068 sec
Memory Usage Information -----------------------------------------------------
   Maximum memory used:                17747968 bytes
   Current memory used:                 8879528 bytes
********************************************************************************
