********************************************************************************
vcluster (CLUTO 2.1.2) Copyright 2001-06, Regents of the University of Minnesota

Matrix Information -----------------------------------------------------------
  Name: /home/mestrada/devel/inf355/tarea1/nips/nips04.mat, #Rows: 917, #Columns: 942, #NonZeros: 863814

Options ----------------------------------------------------------------------
  CLMethod=Direct, CRfun=I1, SimFun=Cosine, #Clusters: 5
  RowModel=None, ColModel=None, GrModel=SY-DIR, NNbrs=40
  Colprune=1.00, EdgePrune=-1.00, VtxPrune=-1.00, MinComponent=5
  CSType=Best, AggloFrom=0, AggloCRFun=I1, NTrials=10, NIter=10

Solution ---------------------------------------------------------------------

------------------------------------------------------------------------
5-way clustering: [I1=1.46e+02] [917 of 917]
------------------------------------------------------------------------
cid  Size  ISim  ISdev   ESim  ESdev  | 
------------------------------------------------------------------------
  0    74 +0.203 +0.028 +0.113 +0.036 | 
  1   253 +0.192 +0.034 +0.131 +0.031 | 
  2   137 +0.169 +0.027 +0.117 +0.036 | 
  3   212 +0.156 +0.033 +0.117 +0.032 | 
  4   241 +0.108 +0.038 +0.103 +0.039 | 
------------------------------------------------------------------------
--------------------------------------------------------------------------------
5-way clustering solution - Descriptive & Discriminating Features...
--------------------------------------------------------------------------------
Cluster   0, Size:    74, ISim: 0.203, ESim: 0.113
      Descriptive:  VLSI 13.6%, analog 10.4%, networks  5.0%, implementation  4.4%, network  3.5% 
   Discriminating:  VLSI 21.7%, analog 14.4%, implementation  5.6%, chip  3.8%, vlsi  3.6%

Cluster   1, Size:   253, ISim: 0.192, ESim: 0.131
      Descriptive:  data  6.2%, model  5.1%, algorithm  4.5%, learning  4.3%, models  3.6% 
   Discriminating:  data 10.7%, network  6.2%, networks  4.3%, system  3.8%, problems  3.2%

Cluster   2, Size:   137, ISim: 0.169, ESim: 0.117
      Descriptive:  recognition 19.8%, network  5.7%, speech  4.6%, system  3.4%, learning  3.0% 
   Discriminating:  recognition 35.4%, speech  9.0%, networks  3.3%, character  1.7%, learning  1.6%

Cluster   3, Size:   212, ISim: 0.156, ESim: 0.117
      Descriptive:  learning 15.6%, networks 11.1%, network  6.8%, algorithm  4.5%, function  3.9% 
   Discriminating:  learning 12.7%, data  6.0%, recognition  5.6%, model  5.4%, models  5.2%

Cluster   4, Size:   241, ISim: 0.108, ESim: 0.103
      Descriptive:  model  7.7%, network  7.5%, networks  4.9%, system  4.0%, processing  3.6% 
   Discriminating:  learning  6.8%, algorithm  6.2%, neurons  4.2%, processing  4.1%, cells  3.3%
--------------------------------------------------------------------------------

Timing Information -----------------------------------------------------------
   I/O:                                   0.108 sec
   Clustering:                            1.096 sec
   Reporting:                             0.056 sec
Memory Usage Information -----------------------------------------------------
   Maximum memory used:                14012416 bytes
   Current memory used:                 7026160 bytes
********************************************************************************
