********************************************************************************
vcluster (CLUTO 2.1.2) Copyright 2001-06, Regents of the University of Minnesota

Matrix Information -----------------------------------------------------------
  Name: /home/mestrada/devel/inf355/tarea1/nips/nips05.mat, #Rows: 914, #Columns: 918, #NonZeros: 839052

Options ----------------------------------------------------------------------
  CLMethod=Direct, CRfun=I1, SimFun=Cosine, #Clusters: 5
  RowModel=None, ColModel=None, GrModel=SY-DIR, NNbrs=40
  Colprune=1.00, EdgePrune=-1.00, VtxPrune=-1.00, MinComponent=5
  CSType=Best, AggloFrom=0, AggloCRFun=I1, NTrials=10, NIter=10

Solution ---------------------------------------------------------------------

------------------------------------------------------------------------
5-way clustering: [I1=1.47e+02] [914 of 914]
------------------------------------------------------------------------
cid  Size  ISim  ISdev   ESim  ESdev  | 
------------------------------------------------------------------------
  0   239 +0.185 +0.035 +0.131 +0.032 | 
  1   143 +0.172 +0.028 +0.118 +0.036 | 
  2    75 +0.140 +0.046 +0.088 +0.040 | 
  3   221 +0.166 +0.034 +0.124 +0.031 | 
  4   236 +0.132 +0.034 +0.110 +0.035 | 
------------------------------------------------------------------------
--------------------------------------------------------------------------------
5-way clustering solution - Descriptive & Discriminating Features...
--------------------------------------------------------------------------------
Cluster   0, Size:   239, ISim: 0.185, ESim: 0.131
      Descriptive:  model  5.6%, data  5.5%, algorithm  5.5%, learning  5.3%, models  4.7% 
   Discriminating:  data  6.9%, network  6.5%, networks  5.0%, system  4.8%, models  4.3%

Cluster   1, Size:   143, ISim: 0.172, ESim: 0.118
      Descriptive:  recognition 19.8%, network  6.0%, speech  4.9%, system  3.9%, performance  3.1% 
   Discriminating:  recognition 35.2%, speech  9.8%, learning  2.8%, networks  2.8%, model  1.9%

Cluster   2, Size:    75, ISim: 0.140, ESim: 0.088
      Descriptive:  learning 26.9%, control  9.7%, networks  8.6%, reinforcement  6.0%, neural  3.3% 
   Discriminating:  learning 12.4%, control  8.3%, reinforcement  6.3%, model  3.0%, VLSI  2.6%

Cluster   3, Size:   221, ISim: 0.166, ESim: 0.124
      Descriptive:  networks 10.5%, network  7.4%, learning  7.1%, function  4.6%, functions  3.9% 
   Discriminating:  models  7.0%, function  5.7%, model  5.5%, functions  5.4%, recognition  5.4%

Cluster   4, Size:   236, ISim: 0.132, ESim: 0.110
      Descriptive:  model  7.8%, network  7.2%, system  5.3%, networks  4.5%, processing  4.5% 
   Discriminating:  learning  6.5%, processing  5.9%, neurons  4.9%, algorithm  4.7%, system  3.7%
--------------------------------------------------------------------------------

Timing Information -----------------------------------------------------------
   I/O:                                   0.104 sec
   Clustering:                            1.044 sec
   Reporting:                             0.048 sec
Memory Usage Information -----------------------------------------------------
   Maximum memory used:                13615104 bytes
   Current memory used:                 6828312 bytes
********************************************************************************
