********************************************************************************
vcluster (CLUTO 2.1.2) Copyright 2001-06, Regents of the University of Minnesota

Matrix Information -----------------------------------------------------------
  Name: /home/mestrada/devel/inf355/tarea1/nips/nips06.mat, #Rows: 916, #Columns: 1023, #NonZeros: 937068

Options ----------------------------------------------------------------------
  CLMethod=Direct, CRfun=I1, SimFun=Cosine, #Clusters: 5
  RowModel=None, ColModel=None, GrModel=SY-DIR, NNbrs=40
  Colprune=1.00, EdgePrune=-1.00, VtxPrune=-1.00, MinComponent=5
  CSType=Best, AggloFrom=0, AggloCRFun=I1, NTrials=10, NIter=10

Solution ---------------------------------------------------------------------

------------------------------------------------------------------------
5-way clustering: [I1=1.42e+02] [916 of 916]
------------------------------------------------------------------------
cid  Size  ISim  ISdev   ESim  ESdev  | 
------------------------------------------------------------------------
  0    75 +0.214 +0.036 +0.120 +0.035 | 
  1   262 +0.186 +0.033 +0.128 +0.030 | 
  2   137 +0.161 +0.026 +0.111 +0.033 | 
  3   194 +0.144 +0.034 +0.114 +0.031 | 
  4   248 +0.110 +0.034 +0.100 +0.037 | 
------------------------------------------------------------------------
--------------------------------------------------------------------------------
5-way clustering solution - Descriptive & Discriminating Features...
--------------------------------------------------------------------------------
Cluster   0, Size:    75, ISim: 0.214, ESim: 0.120
      Descriptive:  learning 19.6%, reinforcement 10.5%, control  4.7%, decision  2.8%, paper  2.6% 
   Discriminating:  reinforcement 17.9%, learning  9.7%, control  4.1%, network  3.5%, programming  3.5%

Cluster   1, Size:   262, ISim: 0.186, ESim: 0.128
      Descriptive:  model  5.6%, data  4.7%, algorithm  4.7%, learning  4.4%, models  4.4% 
   Discriminating:  data  5.8%, system  4.6%, networks  4.6%, network  4.4%, models  4.3%

Cluster   2, Size:   137, ISim: 0.161, ESim: 0.111
      Descriptive:  recognition 21.6%, network  5.6%, speech  4.3%, system  3.7%, learning  3.2% 
   Discriminating:  recognition 36.7%, speech  7.5%, networks  2.6%, model  2.4%, character  2.1%

Cluster   3, Size:   194, ISim: 0.144, ESim: 0.114
      Descriptive:  networks 15.4%, network  8.3%, learning  7.2%, function  3.5%, functions  3.3% 
   Discriminating:  networks 12.1%, models  7.4%, model  5.8%, recognition  5.5%, backpropagation  4.4%

Cluster   4, Size:   248, ISim: 0.110, ESim: 0.100
      Descriptive:  model  7.5%, network  6.9%, system  5.1%, processing  4.5%, networks  4.3% 
   Discriminating:  processing  5.9%, algorithm  5.5%, learning  5.0%, neurons  4.4%, system  3.3%
--------------------------------------------------------------------------------

Timing Information -----------------------------------------------------------
   I/O:                                   0.108 sec
   Clustering:                            1.164 sec
   Reporting:                             0.060 sec
Memory Usage Information -----------------------------------------------------
   Maximum memory used:                15220736 bytes
   Current memory used:                 7618808 bytes
********************************************************************************
