********************************************************************************
vcluster (CLUTO 2.1.2) Copyright 2001-06, Regents of the University of Minnesota

Matrix Information -----------------------------------------------------------
  Name: /home/mestrada/devel/inf355/tarea1/nips/nips01.mat, #Rows: 913, #Columns: 591, #NonZeros: 539583

Options ----------------------------------------------------------------------
  CLMethod=Direct, CRfun=I1, SimFun=Cosine, #Clusters: 5
  RowModel=None, ColModel=None, GrModel=SY-DIR, NNbrs=40
  Colprune=1.00, EdgePrune=-1.00, VtxPrune=-1.00, MinComponent=5
  CSType=Best, AggloFrom=0, AggloCRFun=I1, NTrials=10, NIter=10

Solution ---------------------------------------------------------------------

------------------------------------------------------------------------
5-way clustering: [I1=1.71e+02] [913 of 913]
------------------------------------------------------------------------
cid  Size  ISim  ISdev   ESim  ESdev  | 
------------------------------------------------------------------------
  0    84 +0.232 +0.040 +0.135 +0.043 | 
  1   332 +0.227 +0.028 +0.143 +0.035 | 
  2   119 +0.202 +0.033 +0.137 +0.043 | 
  3   180 +0.157 +0.041 +0.125 +0.044 | 
  4   198 +0.120 +0.039 +0.119 +0.041 | 
------------------------------------------------------------------------
--------------------------------------------------------------------------------
5-way clustering solution - Descriptive & Discriminating Features...
--------------------------------------------------------------------------------
Cluster   0, Size:    84, ISim: 0.232, ESim: 0.135
      Descriptive:  analog 10.3%, VLSI  9.8%, Analog  8.0%, networks  5.3%, neural  3.4% 
   Discriminating:  VLSI 17.0%, analog 16.2%, Analog 14.1%, implementation  4.2%, neural  2.6%

Cluster   1, Size:   332, ISim: 0.227, ESim: 0.143
      Descriptive:  learning 15.3%, Learning 13.5%, networks  4.6%, network  3.8%, algorithm  3.5% 
   Discriminating:  Learning 25.6%, learning 23.1%, system  3.1%, recognition  2.9%, network  2.5%

Cluster   2, Size:   119, ISim: 0.202, ESim: 0.137
      Descriptive:  recognition 21.2%, network  6.2%, system  4.5%, Speech  3.6%, performance  3.6% 
   Discriminating:  recognition 35.0%, Speech  7.2%, Learning  4.8%, learning  4.1%, speech  3.6%

Cluster   3, Size:   180, ISim: 0.157, ESim: 0.125
      Descriptive:  model 10.3%, network  5.2%, processing  4.2%, system  4.1%, networks  3.8% 
   Discriminating:  model  5.2%, neurons  5.1%, Learning  4.9%, cortex  4.8%, learning  4.7%

Cluster   4, Size:   198, ISim: 0.120, ESim: 0.119
      Descriptive:  networks 11.4%, network  9.6%, paper  4.8%, results  3.7%, problem  3.4% 
   Discriminating:  Learning 22.3%, learning 21.5%, recognition  5.4%, networks  4.2%, model  1.9%
--------------------------------------------------------------------------------

Timing Information -----------------------------------------------------------
   I/O:                                   0.068 sec
   Clustering:                            0.704 sec
   Reporting:                             0.032 sec
Memory Usage Information -----------------------------------------------------
   Maximum memory used:                 8802304 bytes
   Current memory used:                 4414576 bytes
********************************************************************************
