********************************************************************************
vcluster (CLUTO 2.1.2) Copyright 2001-06, Regents of the University of Minnesota

Matrix Information -----------------------------------------------------------
  Name: /home/mestrada/devel/inf355/tarea1/nips/nips00.mat, #Rows: 824, #Columns: 508, #NonZeros: 418592

Options ----------------------------------------------------------------------
  CLMethod=Direct, CRfun=I1, SimFun=Cosine, #Clusters: 5
  RowModel=None, ColModel=None, GrModel=SY-DIR, NNbrs=40
  Colprune=1.00, EdgePrune=-1.00, VtxPrune=-1.00, MinComponent=5
  CSType=Best, AggloFrom=0, AggloCRFun=I1, NTrials=10, NIter=10

Solution ---------------------------------------------------------------------

------------------------------------------------------------------------
5-way clustering: [I1=1.50e+02] [824 of 824]
------------------------------------------------------------------------
cid  Size  ISim  ISdev   ESim  ESdev  | 
------------------------------------------------------------------------
  0   197 +0.226 +0.036 +0.157 +0.034 | 
  1   121 +0.195 +0.035 +0.139 +0.032 | 
  2   165 +0.185 +0.036 +0.139 +0.032 | 
  3   128 +0.157 +0.035 +0.128 +0.036 | 
  4   213 +0.149 +0.036 +0.125 +0.039 | 
------------------------------------------------------------------------
--------------------------------------------------------------------------------
5-way clustering solution - Descriptive & Discriminating Features...
--------------------------------------------------------------------------------
Cluster   0, Size:   197, ISim: 0.226, ESim: 0.157
      Descriptive:  paper  7.8%, problem  7.3%, data  4.2%, network  4.0%, algorithm  3.9% 
   Discriminating:  problem 15.9%, paper  7.3%, problems  7.1%, network  6.0%, neurons  3.5%

Cluster   1, Size:   121, ISim: 0.195, ESim: 0.139
      Descriptive:  network 12.6%, system  9.9%, recognition  9.2%, performance  5.9%, paper  4.3% 
   Discriminating:  recognition 16.7%, system  9.1%, speech  5.9%, model  4.0%, learning  3.9%

Cluster   2, Size:   165, ISim: 0.185, ESim: 0.139
      Descriptive:  networks 14.4%, network  9.2%, learning  4.5%, function  4.1%, training  4.1% 
   Discriminating:  networks 14.1%, model  8.0%, data  5.6%, system  5.1%, functions  4.5%

Cluster   3, Size:   128, ISim: 0.157, ESim: 0.128
      Descriptive:  algorithm 14.2%, data  9.3%, model  7.2%, method  3.3%, present  2.8% 
   Discriminating:  algorithm 13.8%, network  9.6%, networks  7.5%, data  7.3%, system  6.6%

Cluster   4, Size:   213, ISim: 0.149, ESim: 0.125
      Descriptive:  model 12.0%, network  8.4%, system  4.8%, neurons  4.4%, networks  2.6% 
   Discriminating:  neurons  8.1%, algorithm  7.4%, model  7.3%, cells  4.9%, processing  3.1%
--------------------------------------------------------------------------------

Timing Information -----------------------------------------------------------
   I/O:                                   0.060 sec
   Clustering:                            0.544 sec
   Reporting:                             0.024 sec
Memory Usage Information -----------------------------------------------------
   Maximum memory used:                 6856704 bytes
   Current memory used:                 3437528 bytes
********************************************************************************
