********************************************************************************
vcluster (CLUTO 2.1.2) Copyright 2001-06, Regents of the University of Minnesota

Matrix Information -----------------------------------------------------------
  Name: /home/mestrada/devel/inf355/tarea1/nips/nips11.mat, #Rows: 916, #Columns: 1010, #NonZeros: 925160

Options ----------------------------------------------------------------------
  CLMethod=Direct, CRfun=I1, SimFun=Cosine, #Clusters: 5
  RowModel=None, ColModel=None, GrModel=SY-DIR, NNbrs=40
  Colprune=1.00, EdgePrune=-1.00, VtxPrune=-1.00, MinComponent=5
  CSType=Best, AggloFrom=0, AggloCRFun=I1, NTrials=10, NIter=10

Solution ---------------------------------------------------------------------

------------------------------------------------------------------------
5-way clustering: [I1=1.44e+02] [916 of 916]
------------------------------------------------------------------------
cid  Size  ISim  ISdev   ESim  ESdev  | 
------------------------------------------------------------------------
  0    76 +0.201 +0.043 +0.113 +0.038 | 
  1   248 +0.173 +0.033 +0.124 +0.032 | 
  2   147 +0.148 +0.031 +0.106 +0.036 | 
  3   230 +0.163 +0.034 +0.121 +0.031 | 
  4   215 +0.122 +0.037 +0.104 +0.037 | 
------------------------------------------------------------------------
--------------------------------------------------------------------------------
5-way clustering solution - Descriptive & Discriminating Features...
--------------------------------------------------------------------------------
Cluster   0, Size:    76, ISim: 0.201, ESim: 0.113
      Descriptive:  learning 21.7%, reinforcement  9.6%, control  7.1%, decision  3.1%, networks  2.8% 
   Discriminating:  reinforcement 14.7%, learning 10.9%, control  7.0%, decision  3.7%, recognition  2.3%

Cluster   1, Size:   248, ISim: 0.173, ESim: 0.124
      Descriptive:  model  5.5%, models  5.4%, algorithm  5.2%, data  5.2%, learning  3.8% 
   Discriminating:  network  6.6%, models  6.5%, networks  6.0%, data  5.9%, algorithm  3.4%

Cluster   2, Size:   147, ISim: 0.148, ESim: 0.106
      Descriptive:  recognition 12.1%, network  6.5%, image  6.0%, system  5.1%, networks  4.2% 
   Discriminating:  recognition 14.1%, image  9.7%, Image  5.7%, VLSI  4.8%, analog  3.2%

Cluster   3, Size:   230, ISim: 0.163, ESim: 0.121
      Descriptive:  networks 11.6%, network  7.5%, learning  6.6%, algorithm  3.3%, training  3.2% 
   Discriminating:  networks  6.7%, models  6.6%, model  6.1%, training  5.4%, recognition  4.5%

Cluster   4, Size:   215, ISim: 0.122, ESim: 0.104
      Descriptive:  model  9.2%, network  7.6%, networks  4.2%, system  3.8%, processing  3.3% 
   Discriminating:  algorithm  6.0%, model  4.7%, neurons  3.8%, memory  3.7%, cortex  3.5%
--------------------------------------------------------------------------------

Timing Information -----------------------------------------------------------
   I/O:                                   0.116 sec
   Clustering:                            1.164 sec
   Reporting:                             0.052 sec
Memory Usage Information -----------------------------------------------------
   Maximum memory used:                14995456 bytes
   Current memory used:                 7519896 bytes
********************************************************************************
