********************************************************************************
vcluster (CLUTO 2.1.2) Copyright 2001-06, Regents of the University of Minnesota

Matrix Information -----------------------------------------------------------
  Name: /home/mestrada/devel/inf355/tarea1/nips/nips07.mat, #Rows: 915, #Columns: 942, #NonZeros: 861930

Options ----------------------------------------------------------------------
  CLMethod=Direct, CRfun=I1, SimFun=Cosine, #Clusters: 5
  RowModel=None, ColModel=None, GrModel=SY-DIR, NNbrs=40
  Colprune=1.00, EdgePrune=-1.00, VtxPrune=-1.00, MinComponent=5
  CSType=Best, AggloFrom=0, AggloCRFun=I1, NTrials=10, NIter=10

Solution ---------------------------------------------------------------------

------------------------------------------------------------------------
5-way clustering: [I1=1.45e+02] [915 of 915]
------------------------------------------------------------------------
cid  Size  ISim  ISdev   ESim  ESdev  | 
------------------------------------------------------------------------
  0    77 +0.204 +0.043 +0.116 +0.039 | 
  1   233 +0.183 +0.035 +0.129 +0.033 | 
  2   141 +0.166 +0.029 +0.115 +0.036 | 
  3   220 +0.154 +0.035 +0.120 +0.033 | 
  4   244 +0.121 +0.036 +0.104 +0.037 | 
------------------------------------------------------------------------
--------------------------------------------------------------------------------
5-way clustering solution - Descriptive & Discriminating Features...
--------------------------------------------------------------------------------
Cluster   0, Size:    77, ISim: 0.204, ESim: 0.116
      Descriptive:  learning 18.5%, control 10.3%, reinforcement  9.9%, decision  3.0%, paper  2.7% 
   Discriminating:  reinforcement 15.4%, control 12.2%, learning  7.9%, decision  3.6%, network  2.5%

Cluster   1, Size:   233, ISim: 0.183, ESim: 0.129
      Descriptive:  model  5.5%, algorithm  5.4%, data  5.2%, learning  5.1%, models  3.8% 
   Discriminating:  networks  7.1%, network  5.9%, data  5.8%, system  5.3%, algorithm  3.7%

Cluster   2, Size:   141, ISim: 0.166, ESim: 0.115
      Descriptive:  recognition 20.9%, network  5.9%, speech  5.7%, system  4.4%, performance  2.9% 
   Discriminating:  recognition 36.5%, speech 11.2%, networks  2.6%, learning  2.3%, system  1.7%

Cluster   3, Size:   220, ISim: 0.154, ESim: 0.120
      Descriptive:  networks 14.4%, network  8.0%, learning  6.4%, function  3.0%, algorithm  3.0% 
   Discriminating:  networks 12.0%, model  6.9%, models  5.6%, recognition  5.5%, backpropagation  4.2%

Cluster   4, Size:   244, ISim: 0.121, ESim: 0.104
      Descriptive:  model  7.6%, network  7.0%, system  4.8%, networks  4.7%, processing  4.3% 
   Discriminating:  algorithm  5.6%, processing  5.3%, neurons  4.7%, learning  4.2%, system  2.7%
--------------------------------------------------------------------------------

Timing Information -----------------------------------------------------------
   I/O:                                   0.108 sec
   Clustering:                            1.064 sec
   Reporting:                             0.052 sec
Memory Usage Information -----------------------------------------------------
   Maximum memory used:                13979648 bytes
   Current memory used:                 7009648 bytes
********************************************************************************
